
**** Clean-only build of configuration Nios II for project UartTest ****

make clean 
[UartTest clean complete]

**** Build Finished ****

**** Build of configuration Nios II for project ARCap ****

make all 
Info: Building ../ARCap_bsp/
make --no-print-directory -C ../ARCap_bsp/
[BSP build complete]
[ARCap build complete]

**** Build Finished ****

**** Build of configuration Nios II for project ARCap_bsp ****

make all 
[BSP build complete]

**** Build Finished ****

**** Build of configuration Nios II for project UartTest ****

make all 
Info: Building ../UartTest_bsp/
make --no-print-directory -C ../UartTest_bsp/
[BSP build complete]
Info: Compiling main.c to obj/default/main.o
nios2-elf-gcc -xc -MP -MMD -c -I../UartTest_bsp//UCOSII/inc -I../UartTest_bsp//HAL/inc -I../UartTest_bsp/ -I../UartTest_bsp//drivers/inc  -DSYSTEM_BUS_WIDTH=32 -pipe -D__hal__ -DALT_NO_INSTRUCTION_EMULATION -D__ucosii__    -O0 -g -Wall   -EL -mno-hw-div -mhw-mul -mno-hw-mulx  -o obj/default/main.o main.c
main.c: In function 'wifiReadUntil':
main.c:88: error: 'WIFI_READ_BUFFER_SIZE' undeclared (first use in this function)
main.c:88: error: (Each undeclared identifier is reported only once
main.c:88: error: for each function it appears in.)
main.c:97: warning: passing argument 3 of 'alt_up_rs232_read_data' makes pointer from integer without a cast
main.c:88: warning: unused variable 'message'
main.c:104: warning: control reaches end of non-void function
main.c: At top level:
main.c:106: warning: return type defaults to 'int'
main.c: In function 'wifiConfigRead':
main.c:108: warning: control reaches end of non-void function
main.c: At top level:
main.c:110: warning: return type defaults to 'int'
main.c: In function 'wifiConfigEnter':
main.c:111: error: too many arguments to function 'OSTimeDly'
main.c:113: error: too many arguments to function 'OSTimeDly'
main.c:115: warning: control reaches end of non-void function
main.c: At top level:
main.c:117: warning: return type defaults to 'int'
main.c: In function 'wifiConfigSend':
main.c:120: warning: control reaches end of non-void function
make: *** [obj/default/main.o] Error 1

**** Build Finished ****

**** Build of configuration Nios II for project UartTest_bsp ****

make all 
[BSP build complete]

**** Build Finished ****

**** Build of configuration Nios II for project ARCap ****

make all 
Info: Building ../ARCap_bsp/
make --no-print-directory -C ../ARCap_bsp/
[BSP build complete]
[ARCap build complete]

**** Build Finished ****

**** Build of configuration Nios II for project ARCap_bsp ****

make all 
[BSP build complete]

**** Build Finished ****

**** Build of configuration Nios II for project UartTest ****

make all 
Info: Building ../UartTest_bsp/
make --no-print-directory -C ../UartTest_bsp/
[BSP build complete]
Info: Compiling main.c to obj/default/main.o
nios2-elf-gcc -xc -MP -MMD -c -I../UartTest_bsp//UCOSII/inc -I../UartTest_bsp//HAL/inc -I../UartTest_bsp/ -I../UartTest_bsp//drivers/inc  -DSYSTEM_BUS_WIDTH=32 -pipe -D__hal__ -DALT_NO_INSTRUCTION_EMULATION -D__ucosii__    -O0 -g -Wall   -EL -mno-hw-div -mhw-mul -mno-hw-mulx  -o obj/default/main.o main.c
main.c: In function 'wifiReadUntil':
main.c:104: warning: control reaches end of non-void function
main.c: At top level:
main.c:106: warning: return type defaults to 'int'
main.c: In function 'wifiConfigRead':
main.c:108: warning: control reaches end of non-void function
main.c: At top level:
main.c:110: warning: return type defaults to 'int'
main.c: In function 'wifiConfigEnter':
main.c:111: error: too many arguments to function 'OSTimeDly'
main.c:113: error: too many arguments to function 'OSTimeDly'
main.c:115: warning: control reaches end of non-void function
main.c: At top level:
main.c:117: warning: return type defaults to 'int'
main.c: In function 'wifiConfigSend':
main.c:120: warning: control reaches end of non-void function
make: *** [obj/default/main.o] Error 1

**** Build Finished ****

**** Build of configuration Nios II for project UartTest_bsp ****

make all 
[BSP build complete]

**** Build Finished ****

**** Build of configuration Nios II for project ARCap ****

make all 
Info: Building ../ARCap_bsp/
make --no-print-directory -C ../ARCap_bsp/
[BSP build complete]
[ARCap build complete]

**** Build Finished ****

**** Build of configuration Nios II for project ARCap_bsp ****

make all 
[BSP build complete]

**** Build Finished ****

**** Build of configuration Nios II for project UartTest ****

make all 
Info: Building ../UartTest_bsp/
make --no-print-directory -C ../UartTest_bsp/
[BSP build complete]
Info: Compiling main.c to obj/default/main.o
nios2-elf-gcc -xc -MP -MMD -c -I../UartTest_bsp//UCOSII/inc -I../UartTest_bsp//HAL/inc -I../UartTest_bsp/ -I../UartTest_bsp//drivers/inc  -DSYSTEM_BUS_WIDTH=32 -pipe -D__hal__ -DALT_NO_INSTRUCTION_EMULATION -D__ucosii__    -O0 -g -Wall   -EL -mno-hw-div -mhw-mul -mno-hw-mulx  -o obj/default/main.o main.c
main.c: In function 'wifiReadUntil':
main.c:104: warning: control reaches end of non-void function
main.c: At top level:
main.c:106: warning: return type defaults to 'int'
main.c: In function 'wifiConfigRead':
main.c:108: warning: control reaches end of non-void function
main.c: At top level:
main.c:110: warning: return type defaults to 'int'
main.c: In function 'wifiConfigEnter':
main.c:115: warning: control reaches end of non-void function
main.c: At top level:
main.c:117: warning: return type defaults to 'int'
main.c: In function 'wifiConfigSend':
main.c:120: warning: control reaches end of non-void function
Info: Linking UartTest.elf
nios2-elf-g++  -T'../UartTest_bsp//linker.x' -msys-crt0='../UartTest_bsp//obj/HAL/src/crt0.o' -msys-lib=ucosii_bsp -L../UartTest_bsp/   -Wl,-Map=UartTest.map   -O0 -g -Wall   -EL -mno-hw-div -mhw-mul -mno-hw-mulx  -o UartTest.elf obj/default/main.o -lm 
nios2-elf-insert UartTest.elf --thread_model ucosii --cpu_name cpu --qsys true --simulation_enabled false --id 0 --sidp 0x20010a0 --timestamp 1394744647 --stderr_dev jtag_uart_0 --stdin_dev jtag_uart_0 --stdout_dev jtag_uart_0 --sopc_system_name system --quartus_project_dir "C:/Users/kigunda/Documents/Ece492/Repository/ARCap" --jdi C:/Users/kigunda/Documents/Ece492/Repository/ARCap/de0_nano_system.jdi --sopcinfo C:/Users/kigunda/Documents/Ece492/Repository/ARCap/system.sopcinfo
Info: (UartTest.elf) 124 KBytes program size (code + initialized data).
Info:                16253 KBytes free for stack + heap.
Info: Creating UartTest.objdump
nios2-elf-objdump --disassemble --syms --all-header --source UartTest.elf >UartTest.objdump
[UartTest build complete]

**** Build Finished ****

**** Build of configuration Nios II for project UartTest_bsp ****

make all 
[BSP build complete]

**** Build Finished ****

**** Build of configuration Nios II for project ARCap ****

make all 
Info: Building ../ARCap_bsp/
make --no-print-directory -C ../ARCap_bsp/
[BSP build complete]
[ARCap build complete]

**** Build Finished ****

**** Build of configuration Nios II for project ARCap_bsp ****

make all 
[BSP build complete]

**** Build Finished ****

**** Build of configuration Nios II for project UartTest ****

make all 
Info: Building ../UartTest_bsp/
make --no-print-directory -C ../UartTest_bsp/
[BSP build complete]
Info: Compiling main.c to obj/default/main.o
nios2-elf-gcc -xc -MP -MMD -c -I../UartTest_bsp//UCOSII/inc -I../UartTest_bsp//HAL/inc -I../UartTest_bsp/ -I../UartTest_bsp//drivers/inc  -DSYSTEM_BUS_WIDTH=32 -pipe -D__hal__ -DALT_NO_INSTRUCTION_EMULATION -D__ucosii__    -O0 -g -Wall   -EL -mno-hw-div -mhw-mul -mno-hw-mulx  -o obj/default/main.o main.c
Info: Linking UartTest.elf
nios2-elf-g++  -T'../UartTest_bsp//linker.x' -msys-crt0='../UartTest_bsp//obj/HAL/src/crt0.o' -msys-lib=ucosii_bsp -L../UartTest_bsp/   -Wl,-Map=UartTest.map   -O0 -g -Wall   -EL -mno-hw-div -mhw-mul -mno-hw-mulx  -o UartTest.elf obj/default/main.o -lm 
nios2-elf-insert UartTest.elf --thread_model ucosii --cpu_name cpu --qsys true --simulation_enabled false --id 0 --sidp 0x20010a0 --timestamp 1394744647 --stderr_dev jtag_uart_0 --stdin_dev jtag_uart_0 --stdout_dev jtag_uart_0 --sopc_system_name system --quartus_project_dir "C:/Users/kigunda/Documents/Ece492/Repository/ARCap" --jdi C:/Users/kigunda/Documents/Ece492/Repository/ARCap/de0_nano_system.jdi --sopcinfo C:/Users/kigunda/Documents/Ece492/Repository/ARCap/system.sopcinfo
Info: (UartTest.elf) 124 KBytes program size (code + initialized data).
Info:                16253 KBytes free for stack + heap.
Info: Creating UartTest.objdump
nios2-elf-objdump --disassemble --syms --all-header --source UartTest.elf >UartTest.objdump
[UartTest build complete]

**** Build Finished ****

**** Build of configuration Nios II for project UartTest_bsp ****

make all 
[BSP build complete]

**** Build Finished ****

**** Build of configuration Nios II for project UartTest ****

make all 
Info: Building ../UartTest_bsp/
make --no-print-directory -C ../UartTest_bsp/
[BSP build complete]
[UartTest build complete]

**** Build Finished ****

**** Build of configuration Nios II for project UartTest ****

make all 
Info: Building ../UartTest_bsp/
make --no-print-directory -C ../UartTest_bsp/
[BSP build complete]
[UartTest build complete]

**** Build Finished ****

**** Build of configuration Nios II for project UartTest ****

make all 
Info: Building ../UartTest_bsp/
make --no-print-directory -C ../UartTest_bsp/
[BSP build complete]
Info: Compiling main.c to obj/default/main.o
nios2-elf-gcc -xc -MP -MMD -c -I../UartTest_bsp//UCOSII/inc -I../UartTest_bsp//HAL/inc -I../UartTest_bsp/ -I../UartTest_bsp//drivers/inc  -DSYSTEM_BUS_WIDTH=32 -pipe -D__hal__ -DALT_NO_INSTRUCTION_EMULATION -D__ucosii__    -O0 -g -Wall   -EL -mno-hw-div -mhw-mul -mno-hw-mulx  -o obj/default/main.o main.c
Info: Linking UartTest.elf
nios2-elf-g++  -T'../UartTest_bsp//linker.x' -msys-crt0='../UartTest_bsp//obj/HAL/src/crt0.o' -msys-lib=ucosii_bsp -L../UartTest_bsp/   -Wl,-Map=UartTest.map   -O0 -g -Wall   -EL -mno-hw-div -mhw-mul -mno-hw-mulx  -o UartTest.elf obj/default/main.o -lm 
nios2-elf-insert UartTest.elf --thread_model ucosii --cpu_name cpu --qsys true --simulation_enabled false --id 0 --sidp 0x20010a0 --timestamp 1394744647 --stderr_dev jtag_uart_0 --stdin_dev jtag_uart_0 --stdout_dev jtag_uart_0 --sopc_system_name system --quartus_project_dir "C:/Users/kigunda/Documents/Ece492/Repository/ARCap" --jdi C:/Users/kigunda/Documents/Ece492/Repository/ARCap/de0_nano_system.jdi --sopcinfo C:/Users/kigunda/Documents/Ece492/Repository/ARCap/system.sopcinfo
Info: (UartTest.elf) 123 KBytes program size (code + initialized data).
Info:                16253 KBytes free for stack + heap.
Info: Creating UartTest.objdump
nios2-elf-objdump --disassemble --syms --all-header --source UartTest.elf >UartTest.objdump
[UartTest build complete]

**** Build Finished ****

**** Build of configuration Nios II for project UartTest ****

make all 
Info: Building ../UartTest_bsp/
make --no-print-directory -C ../UartTest_bsp/
[BSP build complete]
Info: Compiling main.c to obj/default/main.o
nios2-elf-gcc -xc -MP -MMD -c -I../UartTest_bsp//UCOSII/inc -I../UartTest_bsp//HAL/inc -I../UartTest_bsp/ -I../UartTest_bsp//drivers/inc  -DSYSTEM_BUS_WIDTH=32 -pipe -D__hal__ -DALT_NO_INSTRUCTION_EMULATION -D__ucosii__    -O0 -g -Wall   -EL -mno-hw-div -mhw-mul -mno-hw-mulx  -o obj/default/main.o main.c
Info: Linking UartTest.elf
nios2-elf-g++  -T'../UartTest_bsp//linker.x' -msys-crt0='../UartTest_bsp//obj/HAL/src/crt0.o' -msys-lib=ucosii_bsp -L../UartTest_bsp/   -Wl,-Map=UartTest.map   -O0 -g -Wall   -EL -mno-hw-div -mhw-mul -mno-hw-mulx  -o UartTest.elf obj/default/main.o -lm 
nios2-elf-insert UartTest.elf --thread_model ucosii --cpu_name cpu --qsys true --simulation_enabled false --id 0 --sidp 0x20010a0 --timestamp 1394744647 --stderr_dev jtag_uart_0 --stdin_dev jtag_uart_0 --stdout_dev jtag_uart_0 --sopc_system_name system --quartus_project_dir "C:/Users/kigunda/Documents/Ece492/Repository/ARCap" --jdi C:/Users/kigunda/Documents/Ece492/Repository/ARCap/de0_nano_system.jdi --sopcinfo C:/Users/kigunda/Documents/Ece492/Repository/ARCap/system.sopcinfo
Info: (UartTest.elf) 123 KBytes program size (code + initialized data).
Info:                16253 KBytes free for stack + heap.
Info: Creating UartTest.objdump
nios2-elf-objdump --disassemble --syms --all-header --source UartTest.elf >UartTest.objdump
[UartTest build complete]

**** Build Finished ****

**** Build of configuration Nios II for project UartTest ****

make all 
Info: Building ../UartTest_bsp/
make --no-print-directory -C ../UartTest_bsp/
[BSP build complete]
Info: Compiling main.c to obj/default/main.o
nios2-elf-gcc -xc -MP -MMD -c -I../UartTest_bsp//UCOSII/inc -I../UartTest_bsp//HAL/inc -I../UartTest_bsp/ -I../UartTest_bsp//drivers/inc  -DSYSTEM_BUS_WIDTH=32 -pipe -D__hal__ -DALT_NO_INSTRUCTION_EMULATION -D__ucosii__    -O0 -g -Wall   -EL -mno-hw-div -mhw-mul -mno-hw-mulx  -o obj/default/main.o main.c
Info: Linking UartTest.elf
nios2-elf-g++  -T'../UartTest_bsp//linker.x' -msys-crt0='../UartTest_bsp//obj/HAL/src/crt0.o' -msys-lib=ucosii_bsp -L../UartTest_bsp/   -Wl,-Map=UartTest.map   -O0 -g -Wall   -EL -mno-hw-div -mhw-mul -mno-hw-mulx  -o UartTest.elf obj/default/main.o -lm 
nios2-elf-insert UartTest.elf --thread_model ucosii --cpu_name cpu --qsys true --simulation_enabled false --id 0 --sidp 0x20010a0 --timestamp 1394744647 --stderr_dev jtag_uart_0 --stdin_dev jtag_uart_0 --stdout_dev jtag_uart_0 --sopc_system_name system --quartus_project_dir "C:/Users/kigunda/Documents/Ece492/Repository/ARCap" --jdi C:/Users/kigunda/Documents/Ece492/Repository/ARCap/de0_nano_system.jdi --sopcinfo C:/Users/kigunda/Documents/Ece492/Repository/ARCap/system.sopcinfo
Info: (UartTest.elf) 124 KBytes program size (code + initialized data).
Info:                16253 KBytes free for stack + heap.
Info: Creating UartTest.objdump
nios2-elf-objdump --disassemble --syms --all-header --source UartTest.elf >UartTest.objdump
[UartTest build complete]

**** Build Finished ****

**** Build of configuration Nios II for project ARCap ****

make all 
Info: Building ../ARCap_bsp/
make --no-print-directory -C ../ARCap_bsp/
[BSP build complete]
[ARCap build complete]

**** Build Finished ****

**** Build of configuration Nios II for project ARCap_bsp ****

make all 
[BSP build complete]

**** Build Finished ****

**** Build of configuration Nios II for project UartTest ****

make all 
Info: Building ../UartTest_bsp/
make --no-print-directory -C ../UartTest_bsp/
[BSP build complete]
Info: Compiling main.c to obj/default/main.o
nios2-elf-gcc -xc -MP -MMD -c -I../UartTest_bsp//UCOSII/inc -I../UartTest_bsp//HAL/inc -I../UartTest_bsp/ -I../UartTest_bsp//drivers/inc  -DSYSTEM_BUS_WIDTH=32 -pipe -D__hal__ -DALT_NO_INSTRUCTION_EMULATION -D__ucosii__    -O0 -g -Wall   -EL -mno-hw-div -mhw-mul -mno-hw-mulx  -o obj/default/main.o main.c
Info: Linking UartTest.elf
nios2-elf-g++  -T'../UartTest_bsp//linker.x' -msys-crt0='../UartTest_bsp//obj/HAL/src/crt0.o' -msys-lib=ucosii_bsp -L../UartTest_bsp/   -Wl,-Map=UartTest.map   -O0 -g -Wall   -EL -mno-hw-div -mhw-mul -mno-hw-mulx  -o UartTest.elf obj/default/main.o -lm 
nios2-elf-insert UartTest.elf --thread_model ucosii --cpu_name cpu --qsys true --simulation_enabled false --id 0 --sidp 0x20010a0 --timestamp 1394744647 --stderr_dev jtag_uart_0 --stdin_dev jtag_uart_0 --stdout_dev jtag_uart_0 --sopc_system_name system --quartus_project_dir "C:/Users/kigunda/Documents/Ece492/Repository/ARCap" --jdi C:/Users/kigunda/Documents/Ece492/Repository/ARCap/de0_nano_system.jdi --sopcinfo C:/Users/kigunda/Documents/Ece492/Repository/ARCap/system.sopcinfo
Info: (UartTest.elf) 124 KBytes program size (code + initialized data).
Info:                16253 KBytes free for stack + heap.
Info: Creating UartTest.objdump
nios2-elf-objdump --disassemble --syms --all-header --source UartTest.elf >UartTest.objdump
[UartTest build complete]

**** Build Finished ****

**** Build of configuration Nios II for project UartTest_bsp ****

make all 
[BSP build complete]

**** Build Finished ****

**** Build of configuration Nios II for project UartTest ****

make all 
Info: Building ../UartTest_bsp/
make --no-print-directory -C ../UartTest_bsp/
[BSP build complete]
[UartTest build complete]

**** Build Finished ****

**** Build of configuration Nios II for project UartTest ****

make all 
Info: Building ../UartTest_bsp/
make --no-print-directory -C ../UartTest_bsp/
[BSP build complete]
Info: Compiling main.c to obj/default/main.o
nios2-elf-gcc -xc -MP -MMD -c -I../UartTest_bsp//UCOSII/inc -I../UartTest_bsp//HAL/inc -I../UartTest_bsp/ -I../UartTest_bsp//drivers/inc  -DSYSTEM_BUS_WIDTH=32 -pipe -D__hal__ -DALT_NO_INSTRUCTION_EMULATION -D__ucosii__    -O0 -g -Wall   -EL -mno-hw-div -mhw-mul -mno-hw-mulx  -o obj/default/main.o main.c
Info: Linking UartTest.elf
nios2-elf-g++  -T'../UartTest_bsp//linker.x' -msys-crt0='../UartTest_bsp//obj/HAL/src/crt0.o' -msys-lib=ucosii_bsp -L../UartTest_bsp/   -Wl,-Map=UartTest.map   -O0 -g -Wall   -EL -mno-hw-div -mhw-mul -mno-hw-mulx  -o UartTest.elf obj/default/main.o -lm 
nios2-elf-insert UartTest.elf --thread_model ucosii --cpu_name cpu --qsys true --simulation_enabled false --id 0 --sidp 0x20010a0 --timestamp 1394744647 --stderr_dev jtag_uart_0 --stdin_dev jtag_uart_0 --stdout_dev jtag_uart_0 --sopc_system_name system --quartus_project_dir "C:/Users/kigunda/Documents/Ece492/Repository/ARCap" --jdi C:/Users/kigunda/Documents/Ece492/Repository/ARCap/de0_nano_system.jdi --sopcinfo C:/Users/kigunda/Documents/Ece492/Repository/ARCap/system.sopcinfo
Info: (UartTest.elf) 123 KBytes program size (code + initialized data).
Info:                16253 KBytes free for stack + heap.
Info: Creating UartTest.objdump
nios2-elf-objdump --disassemble --syms --all-header --source UartTest.elf >UartTest.objdump
[UartTest build complete]

**** Build Finished ****

**** Build of configuration Nios II for project UartTest ****

make all 
Info: Building ../UartTest_bsp/
make --no-print-directory -C ../UartTest_bsp/
[BSP build complete]
Info: Compiling main.c to obj/default/main.o
nios2-elf-gcc -xc -MP -MMD -c -I../UartTest_bsp//UCOSII/inc -I../UartTest_bsp//HAL/inc -I../UartTest_bsp/ -I../UartTest_bsp//drivers/inc  -DSYSTEM_BUS_WIDTH=32 -pipe -D__hal__ -DALT_NO_INSTRUCTION_EMULATION -D__ucosii__    -O0 -g -Wall   -EL -mno-hw-div -mhw-mul -mno-hw-mulx  -o obj/default/main.o main.c
Info: Linking UartTest.elf
nios2-elf-g++  -T'../UartTest_bsp//linker.x' -msys-crt0='../UartTest_bsp//obj/HAL/src/crt0.o' -msys-lib=ucosii_bsp -L../UartTest_bsp/   -Wl,-Map=UartTest.map   -O0 -g -Wall   -EL -mno-hw-div -mhw-mul -mno-hw-mulx  -o UartTest.elf obj/default/main.o -lm 
nios2-elf-insert UartTest.elf --thread_model ucosii --cpu_name cpu --qsys true --simulation_enabled false --id 0 --sidp 0x20010a0 --timestamp 1394744647 --stderr_dev jtag_uart_0 --stdin_dev jtag_uart_0 --stdout_dev jtag_uart_0 --sopc_system_name system --quartus_project_dir "C:/Users/kigunda/Documents/Ece492/Repository/ARCap" --jdi C:/Users/kigunda/Documents/Ece492/Repository/ARCap/de0_nano_system.jdi --sopcinfo C:/Users/kigunda/Documents/Ece492/Repository/ARCap/system.sopcinfo
Info: (UartTest.elf) 123 KBytes program size (code + initialized data).
Info:                16253 KBytes free for stack + heap.
Info: Creating UartTest.objdump
nios2-elf-objdump --disassemble --syms --all-header --source UartTest.elf >UartTest.objdump
[UartTest build complete]

**** Build Finished ****

**** Build of configuration Nios II for project UartTest ****

make all 
Info: Building ../UartTest_bsp/
make --no-print-directory -C ../UartTest_bsp/
[BSP build complete]
Info: Compiling main.c to obj/default/main.o
nios2-elf-gcc -xc -MP -MMD -c -I../UartTest_bsp//UCOSII/inc -I../UartTest_bsp//HAL/inc -I../UartTest_bsp/ -I../UartTest_bsp//drivers/inc  -DSYSTEM_BUS_WIDTH=32 -pipe -D__hal__ -DALT_NO_INSTRUCTION_EMULATION -D__ucosii__    -O0 -g -Wall   -EL -mno-hw-div -mhw-mul -mno-hw-mulx  -o obj/default/main.o main.c
Info: Linking UartTest.elf
nios2-elf-g++  -T'../UartTest_bsp//linker.x' -msys-crt0='../UartTest_bsp//obj/HAL/src/crt0.o' -msys-lib=ucosii_bsp -L../UartTest_bsp/   -Wl,-Map=UartTest.map   -O0 -g -Wall   -EL -mno-hw-div -mhw-mul -mno-hw-mulx  -o UartTest.elf obj/default/main.o -lm 
nios2-elf-insert UartTest.elf --thread_model ucosii --cpu_name cpu --qsys true --simulation_enabled false --id 0 --sidp 0x20010a0 --timestamp 1394744647 --stderr_dev jtag_uart_0 --stdin_dev jtag_uart_0 --stdout_dev jtag_uart_0 --sopc_system_name system --quartus_project_dir "C:/Users/kigunda/Documents/Ece492/Repository/ARCap" --jdi C:/Users/kigunda/Documents/Ece492/Repository/ARCap/de0_nano_system.jdi --sopcinfo C:/Users/kigunda/Documents/Ece492/Repository/ARCap/system.sopcinfo
Info: (UartTest.elf) 123 KBytes program size (code + initialized data).
Info:                16253 KBytes free for stack + heap.
Info: Creating UartTest.objdump
nios2-elf-objdump --disassemble --syms --all-header --source UartTest.elf >UartTest.objdump
[UartTest build complete]

**** Build Finished ****

**** Build of configuration Nios II for project UartTest ****

make all 
Info: Building ../UartTest_bsp/
make --no-print-directory -C ../UartTest_bsp/
[BSP build complete]
Info: Compiling main.c to obj/default/main.o
nios2-elf-gcc -xc -MP -MMD -c -I../UartTest_bsp//UCOSII/inc -I../UartTest_bsp//HAL/inc -I../UartTest_bsp/ -I../UartTest_bsp//drivers/inc  -DSYSTEM_BUS_WIDTH=32 -pipe -D__hal__ -DALT_NO_INSTRUCTION_EMULATION -D__ucosii__    -O0 -g -Wall   -EL -mno-hw-div -mhw-mul -mno-hw-mulx  -o obj/default/main.o main.c
Info: Linking UartTest.elf
nios2-elf-g++  -T'../UartTest_bsp//linker.x' -msys-crt0='../UartTest_bsp//obj/HAL/src/crt0.o' -msys-lib=ucosii_bsp -L../UartTest_bsp/   -Wl,-Map=UartTest.map   -O0 -g -Wall   -EL -mno-hw-div -mhw-mul -mno-hw-mulx  -o UartTest.elf obj/default/main.o -lm 
nios2-elf-insert UartTest.elf --thread_model ucosii --cpu_name cpu --qsys true --simulation_enabled false --id 0 --sidp 0x20010a0 --timestamp 1394744647 --stderr_dev jtag_uart_0 --stdin_dev jtag_uart_0 --stdout_dev jtag_uart_0 --sopc_system_name system --quartus_project_dir "C:/Users/kigunda/Documents/Ece492/Repository/ARCap" --jdi C:/Users/kigunda/Documents/Ece492/Repository/ARCap/de0_nano_system.jdi --sopcinfo C:/Users/kigunda/Documents/Ece492/Repository/ARCap/system.sopcinfo
Info: (UartTest.elf) 123 KBytes program size (code + initialized data).
Info:                16253 KBytes free for stack + heap.
Info: Creating UartTest.objdump
nios2-elf-objdump --disassemble --syms --all-header --source UartTest.elf >UartTest.objdump
[UartTest build complete]

**** Build Finished ****

**** Build of configuration Nios II for project UartTest ****

make all 
Info: Building ../UartTest_bsp/
make --no-print-directory -C ../UartTest_bsp/
[BSP build complete]
Info: Compiling main.c to obj/default/main.o
nios2-elf-gcc -xc -MP -MMD -c -I../UartTest_bsp//UCOSII/inc -I../UartTest_bsp//HAL/inc -I../UartTest_bsp/ -I../UartTest_bsp//drivers/inc  -DSYSTEM_BUS_WIDTH=32 -pipe -D__hal__ -DALT_NO_INSTRUCTION_EMULATION -D__ucosii__    -O0 -g -Wall   -EL -mno-hw-div -mhw-mul -mno-hw-mulx  -o obj/default/main.o main.c
main.c: In function 'helper_test_task':
Info: Linking UartTest.elf
main.c:127: warning: format '%s' expects type 'char *', but argument 2 has type 'int'
nios2-elf-g++  -T'../UartTest_bsp//linker.x' -msys-crt0='../UartTest_bsp//obj/HAL/src/crt0.o' -msys-lib=ucosii_bsp -L../UartTest_bsp/   -Wl,-Map=UartTest.map   -O0 -g -Wall   -EL -mno-hw-div -mhw-mul -mno-hw-mulx  -o UartTest.elf obj/default/main.o -lm 
main.c:127: warning: format '%s' expects type 'char *', but argument 2 has type 'int'
nios2-elf-insert UartTest.elf --thread_model ucosii --cpu_name cpu --qsys true --simulation_enabled false --id 0 --sidp 0x20010a0 --timestamp 1394744647 --stderr_dev jtag_uart_0 --stdin_dev jtag_uart_0 --stdout_dev jtag_uart_0 --sopc_system_name system --quartus_project_dir "C:/Users/kigunda/Documents/Ece492/Repository/ARCap" --jdi C:/Users/kigunda/Documents/Ece492/Repository/ARCap/de0_nano_system.jdi --sopcinfo C:/Users/kigunda/Documents/Ece492/Repository/ARCap/system.sopcinfo
Info: (UartTest.elf) 123 KBytes program size (code + initialized data).
Info:                16253 KBytes free for stack + heap.
Info: Creating UartTest.objdump
nios2-elf-objdump --disassemble --syms --all-header --source UartTest.elf >UartTest.objdump
[UartTest build complete]

**** Build Finished ****

**** Build of configuration Nios II for project UartTest ****

make all 
Info: Building ../UartTest_bsp/
make --no-print-directory -C ../UartTest_bsp/
[BSP build complete]
Info: Compiling main.c to obj/default/main.o
nios2-elf-gcc -xc -MP -MMD -c -I../UartTest_bsp//UCOSII/inc -I../UartTest_bsp//HAL/inc -I../UartTest_bsp/ -I../UartTest_bsp//drivers/inc  -DSYSTEM_BUS_WIDTH=32 -pipe -D__hal__ -DALT_NO_INSTRUCTION_EMULATION -D__ucosii__    -O0 -g -Wall   -EL -mno-hw-div -mhw-mul -mno-hw-mulx  -o obj/default/main.o main.c
Info: Linking UartTest.elf
main.c: In function 'helper_test_task':
nios2-elf-g++  -T'../UartTest_bsp//linker.x' -msys-crt0='../UartTest_bsp//obj/HAL/src/crt0.o' -msys-lib=ucosii_bsp -L../UartTest_bsp/   -Wl,-Map=UartTest.map   -O0 -g -Wall   -EL -mno-hw-div -mhw-mul -mno-hw-mulx  -o UartTest.elf obj/default/main.o -lm 
main.c:127: warning: format '%s' expects type 'char *', but argument 2 has type 'int'
main.c:127: warning: format '%s' expects type 'char *', but argument 2 has type 'int'
nios2-elf-insert UartTest.elf --thread_model ucosii --cpu_name cpu --qsys true --simulation_enabled false --id 0 --sidp 0x20010a0 --timestamp 1394744647 --stderr_dev jtag_uart_0 --stdin_dev jtag_uart_0 --stdout_dev jtag_uart_0 --sopc_system_name system --quartus_project_dir "C:/Users/kigunda/Documents/Ece492/Repository/ARCap" --jdi C:/Users/kigunda/Documents/Ece492/Repository/ARCap/de0_nano_system.jdi --sopcinfo C:/Users/kigunda/Documents/Ece492/Repository/ARCap/system.sopcinfo
Info: (UartTest.elf) 123 KBytes program size (code + initialized data).
Info:                16253 KBytes free for stack + heap.
Info: Creating UartTest.objdump
nios2-elf-objdump --disassemble --syms --all-header --source UartTest.elf >UartTest.objdump
[UartTest build complete]

**** Build Finished ****

**** Build of configuration Nios II for project UartTest ****

make all 
Info: Building ../UartTest_bsp/
make --no-print-directory -C ../UartTest_bsp/
[BSP build complete]
Info: Compiling main.c to obj/default/main.o
nios2-elf-gcc -xc -MP -MMD -c -I../UartTest_bsp//UCOSII/inc -I../UartTest_bsp//HAL/inc -I../UartTest_bsp/ -I../UartTest_bsp//drivers/inc  -DSYSTEM_BUS_WIDTH=32 -pipe -D__hal__ -DALT_NO_INSTRUCTION_EMULATION -D__ucosii__    -O0 -g -Wall   -EL -mno-hw-div -mhw-mul -mno-hw-mulx  -o obj/default/main.o main.c
main.c: In function 'stringEndsWith':
main.c:60: error: invalid lvalue in unary '&'
make: *** [obj/default/main.o] Error 1

**** Build Finished ****

**** Build of configuration Nios II for project ARCap ****

make all 
Info: Building ../ARCap_bsp/
make --no-print-directory -C ../ARCap_bsp/
[BSP build complete]
[ARCap build complete]

**** Build Finished ****

**** Build of configuration Nios II for project ARCap_bsp ****

make all 
[BSP build complete]

**** Build Finished ****

**** Build of configuration Nios II for project UartTest ****

make all 
Info: Building ../UartTest_bsp/
make --no-print-directory -C ../UartTest_bsp/
[BSP build complete]
Info: Compiling main.c to obj/default/main.o
nios2-elf-gcc -xc -MP -MMD -c -I../UartTest_bsp//UCOSII/inc -I../UartTest_bsp//HAL/inc -I../UartTest_bsp/ -I../UartTest_bsp//drivers/inc  -DSYSTEM_BUS_WIDTH=32 -pipe -D__hal__ -DALT_NO_INSTRUCTION_EMULATION -D__ucosii__    -O0 -g -Wall   -EL -mno-hw-div -mhw-mul -mno-hw-mulx  -o obj/default/main.o main.c
Info: Linking UartTest.elf
nios2-elf-g++  -T'../UartTest_bsp//linker.x' -msys-crt0='../UartTest_bsp//obj/HAL/src/crt0.o' -msys-lib=ucosii_bsp -L../UartTest_bsp/   -Wl,-Map=UartTest.map   -O0 -g -Wall   -EL -mno-hw-div -mhw-mul -mno-hw-mulx  -o UartTest.elf obj/default/main.o -lm 
nios2-elf-insert UartTest.elf --thread_model ucosii --cpu_name cpu --qsys true --simulation_enabled false --id 0 --sidp 0x20010a0 --timestamp 1394744647 --stderr_dev jtag_uart_0 --stdin_dev jtag_uart_0 --stdout_dev jtag_uart_0 --sopc_system_name system --quartus_project_dir "C:/Users/kigunda/Documents/Ece492/Repository/ARCap" --jdi C:/Users/kigunda/Documents/Ece492/Repository/ARCap/de0_nano_system.jdi --sopcinfo C:/Users/kigunda/Documents/Ece492/Repository/ARCap/system.sopcinfo
Info: (UartTest.elf) 123 KBytes program size (code + initialized data).
Info:                16253 KBytes free for stack + heap.
Info: Creating UartTest.objdump
nios2-elf-objdump --disassemble --syms --all-header --source UartTest.elf >UartTest.objdump
[UartTest build complete]

**** Build Finished ****

**** Build of configuration Nios II for project UartTest_bsp ****

make all 
[BSP build complete]

**** Build Finished ****

**** Build of configuration Nios II for project UartTest ****

make all 
Info: Building ../UartTest_bsp/
make --no-print-directory -C ../UartTest_bsp/
[BSP build complete]
[UartTest build complete]

**** Build Finished ****

**** Build of configuration Nios II for project UartTest ****

make all 
Info: Building ../UartTest_bsp/
make --no-print-directory -C ../UartTest_bsp/
[BSP build complete]
Info: Compiling main.c to obj/default/main.o
nios2-elf-gcc -xc -MP -MMD -c -I../UartTest_bsp//UCOSII/inc -I../UartTest_bsp//HAL/inc -I../UartTest_bsp/ -I../UartTest_bsp//drivers/inc  -DSYSTEM_BUS_WIDTH=32 -pipe -D__hal__ -DALT_NO_INSTRUCTION_EMULATION -D__ucosii__    -O0 -g -Wall   -EL -mno-hw-div -mhw-mul -mno-hw-mulx  -o obj/default/main.o main.c
Info: Linking UartTest.elf
nios2-elf-g++  -T'../UartTest_bsp//linker.x' -msys-crt0='../UartTest_bsp//obj/HAL/src/crt0.o' -msys-lib=ucosii_bsp -L../UartTest_bsp/   -Wl,-Map=UartTest.map   -O0 -g -Wall   -EL -mno-hw-div -mhw-mul -mno-hw-mulx  -o UartTest.elf obj/default/main.o -lm 
nios2-elf-insert UartTest.elf --thread_model ucosii --cpu_name cpu --qsys true --simulation_enabled false --id 0 --sidp 0x20010a0 --timestamp 1394744647 --stderr_dev jtag_uart_0 --stdin_dev jtag_uart_0 --stdout_dev jtag_uart_0 --sopc_system_name system --quartus_project_dir "C:/Users/kigunda/Documents/Ece492/Repository/ARCap" --jdi C:/Users/kigunda/Documents/Ece492/Repository/ARCap/de0_nano_system.jdi --sopcinfo C:/Users/kigunda/Documents/Ece492/Repository/ARCap/system.sopcinfo
Info: (UartTest.elf) 123 KBytes program size (code + initialized data).
Info:                16253 KBytes free for stack + heap.
Info: Creating UartTest.objdump
nios2-elf-objdump --disassemble --syms --all-header --source UartTest.elf >UartTest.objdump
[UartTest build complete]

**** Build Finished ****

**** Build of configuration Nios II for project UartTest ****

make all 
Info: Building ../UartTest_bsp/
make --no-print-directory -C ../UartTest_bsp/
[BSP build complete]
Info: Compiling main.c to obj/default/main.o
nios2-elf-gcc -xc -MP -MMD -c -I../UartTest_bsp//UCOSII/inc -I../UartTest_bsp//HAL/inc -I../UartTest_bsp/ -I../UartTest_bsp//drivers/inc  -DSYSTEM_BUS_WIDTH=32 -pipe -D__hal__ -DALT_NO_INSTRUCTION_EMULATION -D__ucosii__    -O0 -g -Wall   -EL -mno-hw-div -mhw-mul -mno-hw-mulx  -o obj/default/main.o main.c
Info: Linking UartTest.elf
nios2-elf-g++  -T'../UartTest_bsp//linker.x' -msys-crt0='../UartTest_bsp//obj/HAL/src/crt0.o' -msys-lib=ucosii_bsp -L../UartTest_bsp/   -Wl,-Map=UartTest.map   -O0 -g -Wall   -EL -mno-hw-div -mhw-mul -mno-hw-mulx  -o UartTest.elf obj/default/main.o -lm 
nios2-elf-insert UartTest.elf --thread_model ucosii --cpu_name cpu --qsys true --simulation_enabled false --id 0 --sidp 0x20010a0 --timestamp 1394744647 --stderr_dev jtag_uart_0 --stdin_dev jtag_uart_0 --stdout_dev jtag_uart_0 --sopc_system_name system --quartus_project_dir "C:/Users/kigunda/Documents/Ece492/Repository/ARCap" --jdi C:/Users/kigunda/Documents/Ece492/Repository/ARCap/de0_nano_system.jdi --sopcinfo C:/Users/kigunda/Documents/Ece492/Repository/ARCap/system.sopcinfo
Info: (UartTest.elf) 123 KBytes program size (code + initialized data).
Info:                16253 KBytes free for stack + heap.
Info: Creating UartTest.objdump
nios2-elf-objdump --disassemble --syms --all-header --source UartTest.elf >UartTest.objdump
[UartTest build complete]

**** Build Finished ****

**** Build of configuration Nios II for project ARCap ****

make all 
Info: Building ../ARCap_bsp/
make --no-print-directory -C ../ARCap_bsp/
[BSP build complete]
[ARCap build complete]

**** Build Finished ****

**** Build of configuration Nios II for project ARCap_bsp ****

make all 
[BSP build complete]

**** Build Finished ****

**** Build of configuration Nios II for project UartTest ****

make all 
Info: Building ../UartTest_bsp/
make --no-print-directory -C ../UartTest_bsp/
[BSP build complete]
Info: Compiling main.c to obj/default/main.o
nios2-elf-gcc -xc -MP -MMD -c -I../UartTest_bsp//UCOSII/inc -I../UartTest_bsp//HAL/inc -I../UartTest_bsp/ -I../UartTest_bsp//drivers/inc  -DSYSTEM_BUS_WIDTH=32 -pipe -D__hal__ -DALT_NO_INSTRUCTION_EMULATION -D__ucosii__    -O0 -g -Wall   -EL -mno-hw-div -mhw-mul -mno-hw-mulx  -o obj/default/main.o main.c
Info: Linking UartTest.elf
nios2-elf-g++  -T'../UartTest_bsp//linker.x' -msys-crt0='../UartTest_bsp//obj/HAL/src/crt0.o' -msys-lib=ucosii_bsp -L../UartTest_bsp/   -Wl,-Map=UartTest.map   -O0 -g -Wall   -EL -mno-hw-div -mhw-mul -mno-hw-mulx  -o UartTest.elf obj/default/main.o -lm 
nios2-elf-insert UartTest.elf --thread_model ucosii --cpu_name cpu --qsys true --simulation_enabled false --id 0 --sidp 0x20010a0 --timestamp 1394744647 --stderr_dev jtag_uart_0 --stdin_dev jtag_uart_0 --stdout_dev jtag_uart_0 --sopc_system_name system --quartus_project_dir "C:/Users/kigunda/Documents/Ece492/Repository/ARCap" --jdi C:/Users/kigunda/Documents/Ece492/Repository/ARCap/de0_nano_system.jdi --sopcinfo C:/Users/kigunda/Documents/Ece492/Repository/ARCap/system.sopcinfo
Info: (UartTest.elf) 123 KBytes program size (code + initialized data).
Info:                16253 KBytes free for stack + heap.
Info: Creating UartTest.objdump
nios2-elf-objdump --disassemble --syms --all-header --source UartTest.elf >UartTest.objdump
[UartTest build complete]

**** Build Finished ****

**** Build of configuration Nios II for project UartTest_bsp ****

make all 
[BSP build complete]

**** Build Finished ****

**** Build of configuration Nios II for project UartTest ****

make all 
Info: Building ../UartTest_bsp/
make --no-print-directory -C ../UartTest_bsp/
[BSP build complete]
[UartTest build complete]

**** Build Finished ****

**** Build of configuration Nios II for project UartTest ****

make all 
Info: Building ../UartTest_bsp/
make --no-print-directory -C ../UartTest_bsp/
[BSP build complete]
Info: Compiling main.c to obj/default/main.o
nios2-elf-gcc -xc -MP -MMD -c -I../UartTest_bsp//UCOSII/inc -I../UartTest_bsp//HAL/inc -I../UartTest_bsp/ -I../UartTest_bsp//drivers/inc  -DSYSTEM_BUS_WIDTH=32 -pipe -D__hal__ -DALT_NO_INSTRUCTION_EMULATION -D__ucosii__    -O0 -g -Wall   -EL -mno-hw-div -mhw-mul -mno-hw-mulx  -o obj/default/main.o main.c
Info: Linking UartTest.elf
nios2-elf-g++  -T'../UartTest_bsp//linker.x' -msys-crt0='../UartTest_bsp//obj/HAL/src/crt0.o' -msys-lib=ucosii_bsp -L../UartTest_bsp/   -Wl,-Map=UartTest.map   -O0 -g -Wall   -EL -mno-hw-div -mhw-mul -mno-hw-mulx  -o UartTest.elf obj/default/main.o -lm 
nios2-elf-insert UartTest.elf --thread_model ucosii --cpu_name cpu --qsys true --simulation_enabled false --id 0 --sidp 0x20010a0 --timestamp 1394744647 --stderr_dev jtag_uart_0 --stdin_dev jtag_uart_0 --stdout_dev jtag_uart_0 --sopc_system_name system --quartus_project_dir "C:/Users/kigunda/Documents/Ece492/Repository/ARCap" --jdi C:/Users/kigunda/Documents/Ece492/Repository/ARCap/de0_nano_system.jdi --sopcinfo C:/Users/kigunda/Documents/Ece492/Repository/ARCap/system.sopcinfo
Info: (UartTest.elf) 123 KBytes program size (code + initialized data).
Info:                16253 KBytes free for stack + heap.
Info: Creating UartTest.objdump
nios2-elf-objdump --disassemble --syms --all-header --source UartTest.elf >UartTest.objdump
[UartTest build complete]

**** Build Finished ****

**** Build of configuration Nios II for project UartTest ****

make all 
Info: Building ../UartTest_bsp/
make --no-print-directory -C ../UartTest_bsp/
[BSP build complete]
Info: Compiling main.c to obj/default/main.o
nios2-elf-gcc -xc -MP -MMD -c -I../UartTest_bsp//UCOSII/inc -I../UartTest_bsp//HAL/inc -I../UartTest_bsp/ -I../UartTest_bsp//drivers/inc  -DSYSTEM_BUS_WIDTH=32 -pipe -D__hal__ -DALT_NO_INSTRUCTION_EMULATION -D__ucosii__    -O0 -g -Wall   -EL -mno-hw-div -mhw-mul -mno-hw-mulx  -o obj/default/main.o main.c
main.c: In function 'helper_test_task':
main.c:129: error: redefinition of 't0'
main.c:127: error: previous definition of 't0' was here
make: *** [obj/default/main.o] Error 1

**** Build Finished ****

**** Build of configuration Nios II for project ARCap ****

make all 
Info: Building ../ARCap_bsp/
make --no-print-directory -C ../ARCap_bsp/
[BSP build complete]
[ARCap build complete]

**** Build Finished ****

**** Build of configuration Nios II for project ARCap_bsp ****

make all 
[BSP build complete]

**** Build Finished ****

**** Build of configuration Nios II for project UartTest ****

make all 
Info: Building ../UartTest_bsp/
make --no-print-directory -C ../UartTest_bsp/
[BSP build complete]
Info: Compiling main.c to obj/default/main.o
nios2-elf-gcc -xc -MP -MMD -c -I../UartTest_bsp//UCOSII/inc -I../UartTest_bsp//HAL/inc -I../UartTest_bsp/ -I../UartTest_bsp//drivers/inc  -DSYSTEM_BUS_WIDTH=32 -pipe -D__hal__ -DALT_NO_INSTRUCTION_EMULATION -D__ucosii__    -O0 -g -Wall   -EL -mno-hw-div -mhw-mul -mno-hw-mulx  -o obj/default/main.o main.c
Info: Linking UartTest.elf
nios2-elf-g++  -T'../UartTest_bsp//linker.x' -msys-crt0='../UartTest_bsp//obj/HAL/src/crt0.o' -msys-lib=ucosii_bsp -L../UartTest_bsp/   -Wl,-Map=UartTest.map   -O0 -g -Wall   -EL -mno-hw-div -mhw-mul -mno-hw-mulx  -o UartTest.elf obj/default/main.o -lm 
nios2-elf-insert UartTest.elf --thread_model ucosii --cpu_name cpu --qsys true --simulation_enabled false --id 0 --sidp 0x20010a0 --timestamp 1394744647 --stderr_dev jtag_uart_0 --stdin_dev jtag_uart_0 --stdout_dev jtag_uart_0 --sopc_system_name system --quartus_project_dir "C:/Users/kigunda/Documents/Ece492/Repository/ARCap" --jdi C:/Users/kigunda/Documents/Ece492/Repository/ARCap/de0_nano_system.jdi --sopcinfo C:/Users/kigunda/Documents/Ece492/Repository/ARCap/system.sopcinfo
Info: (UartTest.elf) 123 KBytes program size (code + initialized data).
Info:                16253 KBytes free for stack + heap.
Info: Creating UartTest.objdump
nios2-elf-objdump --disassemble --syms --all-header --source UartTest.elf >UartTest.objdump
[UartTest build complete]

**** Build Finished ****

**** Build of configuration Nios II for project UartTest_bsp ****

make all 
[BSP build complete]

**** Build Finished ****

**** Build of configuration Nios II for project UartTest ****

make all 
Info: Building ../UartTest_bsp/
make --no-print-directory -C ../UartTest_bsp/
[BSP build complete]
[UartTest build complete]

**** Build Finished ****

**** Build of configuration Nios II for project UartTest ****

make all 
Info: Building ../UartTest_bsp/
make --no-print-directory -C ../UartTest_bsp/
[BSP build complete]
Info: Compiling main.c to obj/default/main.o
nios2-elf-gcc -xc -MP -MMD -c -I../UartTest_bsp//UCOSII/inc -I../UartTest_bsp//HAL/inc -I../UartTest_bsp/ -I../UartTest_bsp//drivers/inc  -DSYSTEM_BUS_WIDTH=32 -pipe -D__hal__ -DALT_NO_INSTRUCTION_EMULATION -D__ucosii__    -O0 -g -Wall   -EL -mno-hw-div -mhw-mul -mno-hw-mulx  -o obj/default/main.o main.c
Info: Linking UartTest.elf
nios2-elf-g++  -T'../UartTest_bsp//linker.x' -msys-crt0='../UartTest_bsp//obj/HAL/src/crt0.o' -msys-lib=ucosii_bsp -L../UartTest_bsp/   -Wl,-Map=UartTest.map   -O0 -g -Wall   -EL -mno-hw-div -mhw-mul -mno-hw-mulx  -o UartTest.elf obj/default/main.o -lm 
nios2-elf-insert UartTest.elf --thread_model ucosii --cpu_name cpu --qsys true --simulation_enabled false --id 0 --sidp 0x20010a0 --timestamp 1394744647 --stderr_dev jtag_uart_0 --stdin_dev jtag_uart_0 --stdout_dev jtag_uart_0 --sopc_system_name system --quartus_project_dir "C:/Users/kigunda/Documents/Ece492/Repository/ARCap" --jdi C:/Users/kigunda/Documents/Ece492/Repository/ARCap/de0_nano_system.jdi --sopcinfo C:/Users/kigunda/Documents/Ece492/Repository/ARCap/system.sopcinfo
Info: (UartTest.elf) 123 KBytes program size (code + initialized data).
Info:                16253 KBytes free for stack + heap.
Info: Creating UartTest.objdump
nios2-elf-objdump --disassemble --syms --all-header --source UartTest.elf >UartTest.objdump
[UartTest build complete]

**** Build Finished ****

**** Build of configuration Nios II for project UartTest ****

make all 
Info: Building ../UartTest_bsp/
make --no-print-directory -C ../UartTest_bsp/
[BSP build complete]
Info: Compiling main.c to obj/default/main.o
nios2-elf-gcc -xc -MP -MMD -c -I../UartTest_bsp//UCOSII/inc -I../UartTest_bsp//HAL/inc -I../UartTest_bsp/ -I../UartTest_bsp//drivers/inc  -DSYSTEM_BUS_WIDTH=32 -pipe -D__hal__ -DALT_NO_INSTRUCTION_EMULATION -D__ucosii__    -O0 -g -Wall   -EL -mno-hw-div -mhw-mul -mno-hw-mulx  -o obj/default/main.o main.c
Info: Linking UartTest.elf
nios2-elf-g++  -T'../UartTest_bsp//linker.x' -msys-crt0='../UartTest_bsp//obj/HAL/src/crt0.o' -msys-lib=ucosii_bsp -L../UartTest_bsp/   -Wl,-Map=UartTest.map   -O0 -g -Wall   -EL -mno-hw-div -mhw-mul -mno-hw-mulx  -o UartTest.elf obj/default/main.o -lm 
nios2-elf-insert UartTest.elf --thread_model ucosii --cpu_name cpu --qsys true --simulation_enabled false --id 0 --sidp 0x20010a0 --timestamp 1394744647 --stderr_dev jtag_uart_0 --stdin_dev jtag_uart_0 --stdout_dev jtag_uart_0 --sopc_system_name system --quartus_project_dir "C:/Users/kigunda/Documents/Ece492/Repository/ARCap" --jdi C:/Users/kigunda/Documents/Ece492/Repository/ARCap/de0_nano_system.jdi --sopcinfo C:/Users/kigunda/Documents/Ece492/Repository/ARCap/system.sopcinfo
Info: (UartTest.elf) 123 KBytes program size (code + initialized data).
Info:                16253 KBytes free for stack + heap.
Info: Creating UartTest.objdump
nios2-elf-objdump --disassemble --syms --all-header --source UartTest.elf >UartTest.objdump
[UartTest build complete]

**** Build Finished ****

**** Build of configuration Nios II for project UartTest ****

make all 
Info: Building ../UartTest_bsp/
make --no-print-directory -C ../UartTest_bsp/
[BSP build complete]
Info: Compiling main.c to obj/default/main.o
nios2-elf-gcc -xc -MP -MMD -c -I../UartTest_bsp//UCOSII/inc -I../UartTest_bsp//HAL/inc -I../UartTest_bsp/ -I../UartTest_bsp//drivers/inc  -DSYSTEM_BUS_WIDTH=32 -pipe -D__hal__ -DALT_NO_INSTRUCTION_EMULATION -D__ucosii__    -O0 -g -Wall   -EL -mno-hw-div -mhw-mul -mno-hw-mulx  -o obj/default/main.o main.c
main.c: In function 'helper_test_task':
main.c:128: error: 't1' undeclared (first use in this function)
main.c:128: error: (Each undeclared identifier is reported only once
main.c:128: error: for each function it appears in.)
make: *** [obj/default/main.o] Error 1

**** Build Finished ****

**** Build of configuration Nios II for project UartTest ****

make all 
Info: Building ../UartTest_bsp/
make --no-print-directory -C ../UartTest_bsp/
[BSP build complete]
Info: Compiling main.c to obj/default/main.o
nios2-elf-gcc -xc -MP -MMD -c -I../UartTest_bsp//UCOSII/inc -I../UartTest_bsp//HAL/inc -I../UartTest_bsp/ -I../UartTest_bsp//drivers/inc  -DSYSTEM_BUS_WIDTH=32 -pipe -D__hal__ -DALT_NO_INSTRUCTION_EMULATION -D__ucosii__    -O0 -g -Wall   -EL -mno-hw-div -mhw-mul -mno-hw-mulx  -o obj/default/main.o main.c
Info: Linking UartTest.elf
nios2-elf-g++  -T'../UartTest_bsp//linker.x' -msys-crt0='../UartTest_bsp//obj/HAL/src/crt0.o' -msys-lib=ucosii_bsp -L../UartTest_bsp/   -Wl,-Map=UartTest.map   -O0 -g -Wall   -EL -mno-hw-div -mhw-mul -mno-hw-mulx  -o UartTest.elf obj/default/main.o -lm 
nios2-elf-insert UartTest.elf --thread_model ucosii --cpu_name cpu --qsys true --simulation_enabled false --id 0 --sidp 0x20010a0 --timestamp 1394744647 --stderr_dev jtag_uart_0 --stdin_dev jtag_uart_0 --stdout_dev jtag_uart_0 --sopc_system_name system --quartus_project_dir "C:/Users/kigunda/Documents/Ece492/Repository/ARCap" --jdi C:/Users/kigunda/Documents/Ece492/Repository/ARCap/de0_nano_system.jdi --sopcinfo C:/Users/kigunda/Documents/Ece492/Repository/ARCap/system.sopcinfo
Info: (UartTest.elf) 123 KBytes program size (code + initialized data).
Info:                16253 KBytes free for stack + heap.
Info: Creating UartTest.objdump
nios2-elf-objdump --disassemble --syms --all-header --source UartTest.elf >UartTest.objdump
[UartTest build complete]

**** Build Finished ****

**** Build of configuration Nios II for project UartTest ****

make all 
Info: Building ../UartTest_bsp/
make --no-print-directory -C ../UartTest_bsp/
[BSP build complete]
Info: Compiling main.c to obj/default/main.o
nios2-elf-gcc -xc -MP -MMD -c -I../UartTest_bsp//UCOSII/inc -I../UartTest_bsp//HAL/inc -I../UartTest_bsp/ -I../UartTest_bsp//drivers/inc  -DSYSTEM_BUS_WIDTH=32 -pipe -D__hal__ -DALT_NO_INSTRUCTION_EMULATION -D__ucosii__    -O0 -g -Wall   -EL -mno-hw-div -mhw-mul -mno-hw-mulx  -o obj/default/main.o main.c
Info: Linking UartTest.elf
nios2-elf-g++  -T'../UartTest_bsp//linker.x' -msys-crt0='../UartTest_bsp//obj/HAL/src/crt0.o' -msys-lib=ucosii_bsp -L../UartTest_bsp/   -Wl,-Map=UartTest.map   -O0 -g -Wall   -EL -mno-hw-div -mhw-mul -mno-hw-mulx  -o UartTest.elf obj/default/main.o -lm 
nios2-elf-insert UartTest.elf --thread_model ucosii --cpu_name cpu --qsys true --simulation_enabled false --id 0 --sidp 0x20010a0 --timestamp 1394744647 --stderr_dev jtag_uart_0 --stdin_dev jtag_uart_0 --stdout_dev jtag_uart_0 --sopc_system_name system --quartus_project_dir "C:/Users/kigunda/Documents/Ece492/Repository/ARCap" --jdi C:/Users/kigunda/Documents/Ece492/Repository/ARCap/de0_nano_system.jdi --sopcinfo C:/Users/kigunda/Documents/Ece492/Repository/ARCap/system.sopcinfo
Info: (UartTest.elf) 123 KBytes program size (code + initialized data).
Info:                16253 KBytes free for stack + heap.
Info: Creating UartTest.objdump
nios2-elf-objdump --disassemble --syms --all-header --source UartTest.elf >UartTest.objdump
[UartTest build complete]

**** Build Finished ****

**** Build of configuration Nios II for project UartTest ****

make all 
Info: Building ../UartTest_bsp/
make --no-print-directory -C ../UartTest_bsp/
[BSP build complete]
Info: Compiling main.c to obj/default/main.o
nios2-elf-gcc -xc -MP -MMD -c -I../UartTest_bsp//UCOSII/inc -I../UartTest_bsp//HAL/inc -I../UartTest_bsp/ -I../UartTest_bsp//drivers/inc  -DSYSTEM_BUS_WIDTH=32 -pipe -D__hal__ -DALT_NO_INSTRUCTION_EMULATION -D__ucosii__    -O0 -g -Wall   -EL -mno-hw-div -mhw-mul -mno-hw-mulx  -o obj/default/main.o main.c
Info: Linking UartTest.elf
nios2-elf-g++  -T'../UartTest_bsp//linker.x' -msys-crt0='../UartTest_bsp//obj/HAL/src/crt0.o' -msys-lib=ucosii_bsp -L../UartTest_bsp/   -Wl,-Map=UartTest.map   -O0 -g -Wall   -EL -mno-hw-div -mhw-mul -mno-hw-mulx  -o UartTest.elf obj/default/main.o -lm 
nios2-elf-insert UartTest.elf --thread_model ucosii --cpu_name cpu --qsys true --simulation_enabled false --id 0 --sidp 0x20010a0 --timestamp 1394744647 --stderr_dev jtag_uart_0 --stdin_dev jtag_uart_0 --stdout_dev jtag_uart_0 --sopc_system_name system --quartus_project_dir "C:/Users/kigunda/Documents/Ece492/Repository/ARCap" --jdi C:/Users/kigunda/Documents/Ece492/Repository/ARCap/de0_nano_system.jdi --sopcinfo C:/Users/kigunda/Documents/Ece492/Repository/ARCap/system.sopcinfo
Info: (UartTest.elf) 123 KBytes program size (code + initialized data).
Info:                16253 KBytes free for stack + heap.
Info: Creating UartTest.objdump
nios2-elf-objdump --disassemble --syms --all-header --source UartTest.elf >UartTest.objdump
[UartTest build complete]

**** Build Finished ****

**** Build of configuration Nios II for project UartTest ****

make all 
Info: Building ../UartTest_bsp/
make --no-print-directory -C ../UartTest_bsp/
[BSP build complete]
Info: Compiling main.c to obj/default/main.o
nios2-elf-gcc -xc -MP -MMD -c -I../UartTest_bsp//UCOSII/inc -I../UartTest_bsp//HAL/inc -I../UartTest_bsp/ -I../UartTest_bsp//drivers/inc  -DSYSTEM_BUS_WIDTH=32 -pipe -D__hal__ -DALT_NO_INSTRUCTION_EMULATION -D__ucosii__    -O0 -g -Wall   -EL -mno-hw-div -mhw-mul -mno-hw-mulx  -o obj/default/main.o main.c
Info: Linking UartTest.elf
nios2-elf-g++  -T'../UartTest_bsp//linker.x' -msys-crt0='../UartTest_bsp//obj/HAL/src/crt0.o' -msys-lib=ucosii_bsp -L../UartTest_bsp/   -Wl,-Map=UartTest.map   -O0 -g -Wall   -EL -mno-hw-div -mhw-mul -mno-hw-mulx  -o UartTest.elf obj/default/main.o -lm 
nios2-elf-insert UartTest.elf --thread_model ucosii --cpu_name cpu --qsys true --simulation_enabled false --id 0 --sidp 0x20010a0 --timestamp 1394744647 --stderr_dev jtag_uart_0 --stdin_dev jtag_uart_0 --stdout_dev jtag_uart_0 --sopc_system_name system --quartus_project_dir "C:/Users/kigunda/Documents/Ece492/Repository/ARCap" --jdi C:/Users/kigunda/Documents/Ece492/Repository/ARCap/de0_nano_system.jdi --sopcinfo C:/Users/kigunda/Documents/Ece492/Repository/ARCap/system.sopcinfo
Info: (UartTest.elf) 123 KBytes program size (code + initialized data).
Info:                16253 KBytes free for stack + heap.
Info: Creating UartTest.objdump
nios2-elf-objdump --disassemble --syms --all-header --source UartTest.elf >UartTest.objdump
[UartTest build complete]

**** Build Finished ****

**** Build of configuration Nios II for project ARCap ****

make all 
Info: Building ../ARCap_bsp/
make --no-print-directory -C ../ARCap_bsp/
[BSP build complete]
[ARCap build complete]

**** Build Finished ****

**** Build of configuration Nios II for project ARCap_bsp ****

make all 
[BSP build complete]

**** Build Finished ****

**** Build of configuration Nios II for project UartTest ****

make all 
Info: Building ../UartTest_bsp/
make --no-print-directory -C ../UartTest_bsp/
[BSP build complete]
[UartTest build complete]

**** Build Finished ****

**** Build of configuration Nios II for project UartTest_bsp ****

make all 
[BSP build complete]

**** Build Finished ****

**** Build of configuration Nios II for project UartTest ****

make all 
Info: Building ../UartTest_bsp/
make --no-print-directory -C ../UartTest_bsp/
[BSP build complete]
[UartTest build complete]

**** Build Finished ****

**** Build of configuration Nios II for project UartTest ****

make all 
Info: Building ../UartTest_bsp/
make --no-print-directory -C ../UartTest_bsp/
[BSP build complete]
[UartTest build complete]

**** Build Finished ****

**** Build of configuration Nios II for project UartTest ****

make all 
Info: Building ../UartTest_bsp/
make --no-print-directory -C ../UartTest_bsp/
[BSP build complete]
Info: Compiling main.c to obj/default/main.o
nios2-elf-gcc -xc -MP -MMD -c -I../UartTest_bsp//UCOSII/inc -I../UartTest_bsp//HAL/inc -I../UartTest_bsp/ -I../UartTest_bsp//drivers/inc  -DSYSTEM_BUS_WIDTH=32 -pipe -D__hal__ -DALT_NO_INSTRUCTION_EMULATION -D__ucosii__    -O0 -g -Wall   -EL -mno-hw-div -mhw-mul -mno-hw-mulx  -o obj/default/main.o main.c
Info: Linking UartTest.elf
nios2-elf-g++  -T'../UartTest_bsp//linker.x' -msys-crt0='../UartTest_bsp//obj/HAL/src/crt0.o' -msys-lib=ucosii_bsp -L../UartTest_bsp/   -Wl,-Map=UartTest.map   -O0 -g -Wall   -EL -mno-hw-div -mhw-mul -mno-hw-mulx  -o UartTest.elf obj/default/main.o -lm 
nios2-elf-insert UartTest.elf --thread_model ucosii --cpu_name cpu --qsys true --simulation_enabled false --id 0 --sidp 0x20010a0 --timestamp 1394744647 --stderr_dev jtag_uart_0 --stdin_dev jtag_uart_0 --stdout_dev jtag_uart_0 --sopc_system_name system --quartus_project_dir "C:/Users/kigunda/Documents/Ece492/Repository/ARCap" --jdi C:/Users/kigunda/Documents/Ece492/Repository/ARCap/de0_nano_system.jdi --sopcinfo C:/Users/kigunda/Documents/Ece492/Repository/ARCap/system.sopcinfo
Info: (UartTest.elf) 123 KBytes program size (code + initialized data).
Info:                16253 KBytes free for stack + heap.
Info: Creating UartTest.objdump
nios2-elf-objdump --disassemble --syms --all-header --source UartTest.elf >UartTest.objdump
[UartTest build complete]

**** Build Finished ****

**** Build of configuration Nios II for project UartTest ****

make all 
Info: Building ../UartTest_bsp/
make --no-print-directory -C ../UartTest_bsp/
[BSP build complete]
Info: Compiling main.c to obj/default/main.o
nios2-elf-gcc -xc -MP -MMD -c -I../UartTest_bsp//UCOSII/inc -I../UartTest_bsp//HAL/inc -I../UartTest_bsp/ -I../UartTest_bsp//drivers/inc  -DSYSTEM_BUS_WIDTH=32 -pipe -D__hal__ -DALT_NO_INSTRUCTION_EMULATION -D__ucosii__    -O0 -g -Wall   -EL -mno-hw-div -mhw-mul -mno-hw-mulx  -o obj/default/main.o main.c
Info: Linking UartTest.elf
nios2-elf-g++  -T'../UartTest_bsp//linker.x' -msys-crt0='../UartTest_bsp//obj/HAL/src/crt0.o' -msys-lib=ucosii_bsp -L../UartTest_bsp/   -Wl,-Map=UartTest.map   -O0 -g -Wall   -EL -mno-hw-div -mhw-mul -mno-hw-mulx  -o UartTest.elf obj/default/main.o -lm 
nios2-elf-insert UartTest.elf --thread_model ucosii --cpu_name cpu --qsys true --simulation_enabled false --id 0 --sidp 0x20010a0 --timestamp 1394744647 --stderr_dev jtag_uart_0 --stdin_dev jtag_uart_0 --stdout_dev jtag_uart_0 --sopc_system_name system --quartus_project_dir "C:/Users/kigunda/Documents/Ece492/Repository/ARCap" --jdi C:/Users/kigunda/Documents/Ece492/Repository/ARCap/de0_nano_system.jdi --sopcinfo C:/Users/kigunda/Documents/Ece492/Repository/ARCap/system.sopcinfo
Info: (UartTest.elf) 123 KBytes program size (code + initialized data).
Info:                16253 KBytes free for stack + heap.
Info: Creating UartTest.objdump
nios2-elf-objdump --disassemble --syms --all-header --source UartTest.elf >UartTest.objdump
[UartTest build complete]

**** Build Finished ****

**** Build of configuration Nios II for project UartTest ****

make all 
Info: Building ../UartTest_bsp/
make --no-print-directory -C ../UartTest_bsp/
[BSP build complete]
Info: Compiling main.c to obj/default/main.o
nios2-elf-gcc -xc -MP -MMD -c -I../UartTest_bsp//UCOSII/inc -I../UartTest_bsp//HAL/inc -I../UartTest_bsp/ -I../UartTest_bsp//drivers/inc  -DSYSTEM_BUS_WIDTH=32 -pipe -D__hal__ -DALT_NO_INSTRUCTION_EMULATION -D__ucosii__    -O0 -g -Wall   -EL -mno-hw-div -mhw-mul -mno-hw-mulx  -o obj/default/main.o main.c
Info: Linking UartTest.elf
nios2-elf-g++  -T'../UartTest_bsp//linker.x' -msys-crt0='../UartTest_bsp//obj/HAL/src/crt0.o' -msys-lib=ucosii_bsp -L../UartTest_bsp/   -Wl,-Map=UartTest.map   -O0 -g -Wall   -EL -mno-hw-div -mhw-mul -mno-hw-mulx  -o UartTest.elf obj/default/main.o -lm 
nios2-elf-insert UartTest.elf --thread_model ucosii --cpu_name cpu --qsys true --simulation_enabled false --id 0 --sidp 0x20010a0 --timestamp 1394744647 --stderr_dev jtag_uart_0 --stdin_dev jtag_uart_0 --stdout_dev jtag_uart_0 --sopc_system_name system --quartus_project_dir "C:/Users/kigunda/Documents/Ece492/Repository/ARCap" --jdi C:/Users/kigunda/Documents/Ece492/Repository/ARCap/de0_nano_system.jdi --sopcinfo C:/Users/kigunda/Documents/Ece492/Repository/ARCap/system.sopcinfo
Info: (UartTest.elf) 123 KBytes program size (code + initialized data).
Info:                16253 KBytes free for stack + heap.
Info: Creating UartTest.objdump
nios2-elf-objdump --disassemble --syms --all-header --source UartTest.elf >UartTest.objdump
[UartTest build complete]

**** Build Finished ****

**** Build of configuration Nios II for project UartTest ****

make all 
Info: Building ../UartTest_bsp/
make --no-print-directory -C ../UartTest_bsp/
[BSP build complete]
Info: Compiling main.c to obj/default/main.o
nios2-elf-gcc -xc -MP -MMD -c -I../UartTest_bsp//UCOSII/inc -I../UartTest_bsp//HAL/inc -I../UartTest_bsp/ -I../UartTest_bsp//drivers/inc  -DSYSTEM_BUS_WIDTH=32 -pipe -D__hal__ -DALT_NO_INSTRUCTION_EMULATION -D__ucosii__    -O0 -g -Wall   -EL -mno-hw-div -mhw-mul -mno-hw-mulx  -o obj/default/main.o main.c
Info: Linking UartTest.elf
nios2-elf-g++  -T'../UartTest_bsp//linker.x' -msys-crt0='../UartTest_bsp//obj/HAL/src/crt0.o' -msys-lib=ucosii_bsp -L../UartTest_bsp/   -Wl,-Map=UartTest.map   -O0 -g -Wall   -EL -mno-hw-div -mhw-mul -mno-hw-mulx  -o UartTest.elf obj/default/main.o -lm 
nios2-elf-insert UartTest.elf --thread_model ucosii --cpu_name cpu --qsys true --simulation_enabled false --id 0 --sidp 0x20010a0 --timestamp 1394744647 --stderr_dev jtag_uart_0 --stdin_dev jtag_uart_0 --stdout_dev jtag_uart_0 --sopc_system_name system --quartus_project_dir "C:/Users/kigunda/Documents/Ece492/Repository/ARCap" --jdi C:/Users/kigunda/Documents/Ece492/Repository/ARCap/de0_nano_system.jdi --sopcinfo C:/Users/kigunda/Documents/Ece492/Repository/ARCap/system.sopcinfo
Info: (UartTest.elf) 123 KBytes program size (code + initialized data).
Info:                16253 KBytes free for stack + heap.
Info: Creating UartTest.objdump
nios2-elf-objdump --disassemble --syms --all-header --source UartTest.elf >UartTest.objdump
[UartTest build complete]

**** Build Finished ****

**** Build of configuration Nios II for project UartTest ****

make all 
Info: Building ../UartTest_bsp/
make --no-print-directory -C ../UartTest_bsp/
[BSP build complete]
Info: Compiling main.c to obj/default/main.o
nios2-elf-gcc -xc -MP -MMD -c -I../UartTest_bsp//UCOSII/inc -I../UartTest_bsp//HAL/inc -I../UartTest_bsp/ -I../UartTest_bsp//drivers/inc  -DSYSTEM_BUS_WIDTH=32 -pipe -D__hal__ -DALT_NO_INSTRUCTION_EMULATION -D__ucosii__    -O0 -g -Wall   -EL -mno-hw-div -mhw-mul -mno-hw-mulx  -o obj/default/main.o main.c
Info: Linking UartTest.elf
nios2-elf-g++  -T'../UartTest_bsp//linker.x' -msys-crt0='../UartTest_bsp//obj/HAL/src/crt0.o' -msys-lib=ucosii_bsp -L../UartTest_bsp/   -Wl,-Map=UartTest.map   -O0 -g -Wall   -EL -mno-hw-div -mhw-mul -mno-hw-mulx  -o UartTest.elf obj/default/main.o -lm 
nios2-elf-insert UartTest.elf --thread_model ucosii --cpu_name cpu --qsys true --simulation_enabled false --id 0 --sidp 0x20010a0 --timestamp 1394744647 --stderr_dev jtag_uart_0 --stdin_dev jtag_uart_0 --stdout_dev jtag_uart_0 --sopc_system_name system --quartus_project_dir "C:/Users/kigunda/Documents/Ece492/Repository/ARCap" --jdi C:/Users/kigunda/Documents/Ece492/Repository/ARCap/de0_nano_system.jdi --sopcinfo C:/Users/kigunda/Documents/Ece492/Repository/ARCap/system.sopcinfo
Info: (UartTest.elf) 123 KBytes program size (code + initialized data).
Info:                16253 KBytes free for stack + heap.
Info: Creating UartTest.objdump
nios2-elf-objdump --disassemble --syms --all-header --source UartTest.elf >UartTest.objdump
[UartTest build complete]

**** Build Finished ****

**** Build of configuration Nios II for project ARCap ****

make all 
Info: Building ../ARCap_bsp/
make --no-print-directory -C ../ARCap_bsp/
[BSP build complete]
[ARCap build complete]

**** Build Finished ****

**** Build of configuration Nios II for project ARCap_bsp ****

make all 
[BSP build complete]

**** Build Finished ****

**** Build of configuration Nios II for project UartTest ****

make all 
Info: Building ../UartTest_bsp/
make --no-print-directory -C ../UartTest_bsp/
[BSP build complete]
Info: Compiling main.c to obj/default/main.o
nios2-elf-gcc -xc -MP -MMD -c -I../UartTest_bsp//UCOSII/inc -I../UartTest_bsp//HAL/inc -I../UartTest_bsp/ -I../UartTest_bsp//drivers/inc  -DSYSTEM_BUS_WIDTH=32 -pipe -D__hal__ -DALT_NO_INSTRUCTION_EMULATION -D__ucosii__    -O0 -g -Wall   -EL -mno-hw-div -mhw-mul -mno-hw-mulx  -o obj/default/main.o main.c
Info: Linking UartTest.elf
nios2-elf-g++  -T'../UartTest_bsp//linker.x' -msys-crt0='../UartTest_bsp//obj/HAL/src/crt0.o' -msys-lib=ucosii_bsp -L../UartTest_bsp/   -Wl,-Map=UartTest.map   -O0 -g -Wall   -EL -mno-hw-div -mhw-mul -mno-hw-mulx  -o UartTest.elf obj/default/main.o -lm 
nios2-elf-insert UartTest.elf --thread_model ucosii --cpu_name cpu --qsys true --simulation_enabled false --id 0 --sidp 0x20010a0 --timestamp 1394744647 --stderr_dev jtag_uart_0 --stdin_dev jtag_uart_0 --stdout_dev jtag_uart_0 --sopc_system_name system --quartus_project_dir "C:/Users/kigunda/Documents/Ece492/Repository/ARCap" --jdi C:/Users/kigunda/Documents/Ece492/Repository/ARCap/de0_nano_system.jdi --sopcinfo C:/Users/kigunda/Documents/Ece492/Repository/ARCap/system.sopcinfo
Info: (UartTest.elf) 123 KBytes program size (code + initialized data).
Info:                16253 KBytes free for stack + heap.
Info: Creating UartTest.objdump
nios2-elf-objdump --disassemble --syms --all-header --source UartTest.elf >UartTest.objdump
[UartTest build complete]

**** Build Finished ****

**** Build of configuration Nios II for project UartTest_bsp ****

make all 
[BSP build complete]

**** Build Finished ****

**** Build of configuration Nios II for project UartTest ****

make all 
Info: Building ../UartTest_bsp/
make --no-print-directory -C ../UartTest_bsp/
[BSP build complete]
[UartTest build complete]

**** Build Finished ****

**** Build of configuration Nios II for project UartTest ****

make all 
Info: Building ../UartTest_bsp/
make --no-print-directory -C ../UartTest_bsp/
[BSP build complete]
Info: Compiling main.c to obj/default/main.o
nios2-elf-gcc -xc -MP -MMD -c -I../UartTest_bsp//UCOSII/inc -I../UartTest_bsp//HAL/inc -I../UartTest_bsp/ -I../UartTest_bsp//drivers/inc  -DSYSTEM_BUS_WIDTH=32 -pipe -D__hal__ -DALT_NO_INSTRUCTION_EMULATION -D__ucosii__    -O0 -g -Wall   -EL -mno-hw-div -mhw-mul -mno-hw-mulx  -o obj/default/main.o main.c
Info: Linking UartTest.elf
nios2-elf-g++  -T'../UartTest_bsp//linker.x' -msys-crt0='../UartTest_bsp//obj/HAL/src/crt0.o' -msys-lib=ucosii_bsp -L../UartTest_bsp/   -Wl,-Map=UartTest.map   -O0 -g -Wall   -EL -mno-hw-div -mhw-mul -mno-hw-mulx  -o UartTest.elf obj/default/main.o -lm 
nios2-elf-insert UartTest.elf --thread_model ucosii --cpu_name cpu --qsys true --simulation_enabled false --id 0 --sidp 0x20010a0 --timestamp 1394744647 --stderr_dev jtag_uart_0 --stdin_dev jtag_uart_0 --stdout_dev jtag_uart_0 --sopc_system_name system --quartus_project_dir "C:/Users/kigunda/Documents/Ece492/Repository/ARCap" --jdi C:/Users/kigunda/Documents/Ece492/Repository/ARCap/de0_nano_system.jdi --sopcinfo C:/Users/kigunda/Documents/Ece492/Repository/ARCap/system.sopcinfo
Info: (UartTest.elf) 124 KBytes program size (code + initialized data).
Info:                16253 KBytes free for stack + heap.
Info: Creating UartTest.objdump
nios2-elf-objdump --disassemble --syms --all-header --source UartTest.elf >UartTest.objdump
[UartTest build complete]

**** Build Finished ****

**** Build of configuration Nios II for project UartTest ****

make all 
Info: Building ../UartTest_bsp/
make --no-print-directory -C ../UartTest_bsp/
[BSP build complete]
Info: Compiling main.c to obj/default/main.o
nios2-elf-gcc -xc -MP -MMD -c -I../UartTest_bsp//UCOSII/inc -I../UartTest_bsp//HAL/inc -I../UartTest_bsp/ -I../UartTest_bsp//drivers/inc  -DSYSTEM_BUS_WIDTH=32 -pipe -D__hal__ -DALT_NO_INSTRUCTION_EMULATION -D__ucosii__    -O0 -g -Wall   -EL -mno-hw-div -mhw-mul -mno-hw-mulx  -o obj/default/main.o main.c
main.c: In function 'helper_test_task':
main.c:127: warning: initialization makes pointer from integer without a cast
main.c:128: warning: passing argument 4 of 'stringEndsWith' makes integer from pointer without a cast
Info: Linking UartTest.elf
main.c:130: warning: passing argument 4 of 'stringEndsWith' makes integer from pointer without a cast
nios2-elf-g++  -T'../UartTest_bsp//linker.x' -msys-crt0='../UartTest_bsp//obj/HAL/src/crt0.o' -msys-lib=ucosii_bsp -L../UartTest_bsp/   -Wl,-Map=UartTest.map   -O0 -g -Wall   -EL -mno-hw-div -mhw-mul -mno-hw-mulx  -o UartTest.elf obj/default/main.o -lm 
main.c:132: warning: passing argument 4 of 'stringEndsWith' makes integer from pointer without a cast
nios2-elf-insert UartTest.elf --thread_model ucosii --cpu_name cpu --qsys true --simulation_enabled false --id 0 --sidp 0x20010a0 --timestamp 1394744647 --stderr_dev jtag_uart_0 --stdin_dev jtag_uart_0 --stdout_dev jtag_uart_0 --sopc_system_name system --quartus_project_dir "C:/Users/kigunda/Documents/Ece492/Repository/ARCap" --jdi C:/Users/kigunda/Documents/Ece492/Repository/ARCap/de0_nano_system.jdi --sopcinfo C:/Users/kigunda/Documents/Ece492/Repository/ARCap/system.sopcinfo
Info: (UartTest.elf) 124 KBytes program size (code + initialized data).
Info:                16253 KBytes free for stack + heap.
Info: Creating UartTest.objdump
nios2-elf-objdump --disassemble --syms --all-header --source UartTest.elf >UartTest.objdump
[UartTest build complete]

**** Build Finished ****

**** Build of configuration Nios II for project ARCap ****

make all 
Info: Building ../ARCap_bsp/
make --no-print-directory -C ../ARCap_bsp/
[BSP build complete]
[ARCap build complete]

**** Build Finished ****

**** Build of configuration Nios II for project ARCap_bsp ****

make all 
[BSP build complete]

**** Build Finished ****

**** Build of configuration Nios II for project UartTest ****

make all 
Info: Building ../UartTest_bsp/
make --no-print-directory -C ../UartTest_bsp/
[BSP build complete]
Info: Compiling main.c to obj/default/main.o
nios2-elf-gcc -xc -MP -MMD -c -I../UartTest_bsp//UCOSII/inc -I../UartTest_bsp//HAL/inc -I../UartTest_bsp/ -I../UartTest_bsp//drivers/inc  -DSYSTEM_BUS_WIDTH=32 -pipe -D__hal__ -DALT_NO_INSTRUCTION_EMULATION -D__ucosii__    -O0 -g -Wall   -EL -mno-hw-div -mhw-mul -mno-hw-mulx  -o obj/default/main.o main.c
main.c:124: error: expected declaration specifiers or '...' before 'stop'
main.c:124: error: expected declaration specifiers or '...' before 'stopLength'
main.c: In function 'helper_testStop':
main.c:126: error: 'stop' undeclared (first use in this function)
main.c:126: error: (Each undeclared identifier is reported only once
main.c:126: error: for each function it appears in.)
main.c:126: error: 'stopLength' undeclared (first use in this function)
main.c: In function 'helper_test_task':
main.c:135: error: too many arguments to function 'helper_testStop'
main.c:136: error: too many arguments to function 'helper_testStop'
main.c:137: error: too many arguments to function 'helper_testStop'
main.c:138: warning: unused variable 't0'
make: *** [obj/default/main.o] Error 1

**** Build Finished ****

**** Build of configuration Nios II for project UartTest_bsp ****

make all 
[BSP build complete]

**** Build Finished ****

**** Build of configuration Nios II for project ARCap ****

make all 
Info: Building ../ARCap_bsp/
make --no-print-directory -C ../ARCap_bsp/
[BSP build complete]
[ARCap build complete]

**** Build Finished ****

**** Build of configuration Nios II for project ARCap_bsp ****

make all 
[BSP build complete]

**** Build Finished ****

**** Build of configuration Nios II for project UartTest ****

make all 
Info: Building ../UartTest_bsp/
make --no-print-directory -C ../UartTest_bsp/
[BSP build complete]
Info: Compiling main.c to obj/default/main.o
nios2-elf-gcc -xc -MP -MMD -c -I../UartTest_bsp//UCOSII/inc -I../UartTest_bsp//HAL/inc -I../UartTest_bsp/ -I../UartTest_bsp//drivers/inc  -DSYSTEM_BUS_WIDTH=32 -pipe -D__hal__ -DALT_NO_INSTRUCTION_EMULATION -D__ucosii__    -O0 -g -Wall   -EL -mno-hw-div -mhw-mul -mno-hw-mulx  -o obj/default/main.o main.c
Info: Linking UartTest.elf
nios2-elf-g++  -T'../UartTest_bsp//linker.x' -msys-crt0='../UartTest_bsp//obj/HAL/src/crt0.o' -msys-lib=ucosii_bsp -L../UartTest_bsp/   -Wl,-Map=UartTest.map   -O0 -g -Wall   -EL -mno-hw-div -mhw-mul -mno-hw-mulx  -o UartTest.elf obj/default/main.o -lm 
nios2-elf-insert UartTest.elf --thread_model ucosii --cpu_name cpu --qsys true --simulation_enabled false --id 0 --sidp 0x20010a0 --timestamp 1394744647 --stderr_dev jtag_uart_0 --stdin_dev jtag_uart_0 --stdout_dev jtag_uart_0 --sopc_system_name system --quartus_project_dir "C:/Users/kigunda/Documents/Ece492/Repository/ARCap" --jdi C:/Users/kigunda/Documents/Ece492/Repository/ARCap/de0_nano_system.jdi --sopcinfo C:/Users/kigunda/Documents/Ece492/Repository/ARCap/system.sopcinfo
Info: (UartTest.elf) 124 KBytes program size (code + initialized data).
Info:                16253 KBytes free for stack + heap.
Info: Creating UartTest.objdump
nios2-elf-objdump --disassemble --syms --all-header --source UartTest.elf >UartTest.objdump
[UartTest build complete]

**** Build Finished ****

**** Build of configuration Nios II for project UartTest_bsp ****

make all 
[BSP build complete]

**** Build Finished ****

**** Build of configuration Nios II for project UartTest ****

make all 
Info: Building ../UartTest_bsp/
make --no-print-directory -C ../UartTest_bsp/
[BSP build complete]
[UartTest build complete]

**** Build Finished ****

**** Build of configuration Nios II for project UartTest ****

make all 
Info: Building ../UartTest_bsp/
make --no-print-directory -C ../UartTest_bsp/
[BSP build complete]
Info: Compiling main.c to obj/default/main.o
nios2-elf-gcc -xc -MP -MMD -c -I../UartTest_bsp//UCOSII/inc -I../UartTest_bsp//HAL/inc -I../UartTest_bsp/ -I../UartTest_bsp//drivers/inc  -DSYSTEM_BUS_WIDTH=32 -pipe -D__hal__ -DALT_NO_INSTRUCTION_EMULATION -D__ucosii__    -O0 -g -Wall   -EL -mno-hw-div -mhw-mul -mno-hw-mulx  -o obj/default/main.o main.c
Info: Linking UartTest.elf
nios2-elf-g++  -T'../UartTest_bsp//linker.x' -msys-crt0='../UartTest_bsp//obj/HAL/src/crt0.o' -msys-lib=ucosii_bsp -L../UartTest_bsp/   -Wl,-Map=UartTest.map   -O0 -g -Wall   -EL -mno-hw-div -mhw-mul -mno-hw-mulx  -o UartTest.elf obj/default/main.o -lm 
nios2-elf-insert UartTest.elf --thread_model ucosii --cpu_name cpu --qsys true --simulation_enabled false --id 0 --sidp 0x20010a0 --timestamp 1394744647 --stderr_dev jtag_uart_0 --stdin_dev jtag_uart_0 --stdout_dev jtag_uart_0 --sopc_system_name system --quartus_project_dir "C:/Users/kigunda/Documents/Ece492/Repository/ARCap" --jdi C:/Users/kigunda/Documents/Ece492/Repository/ARCap/de0_nano_system.jdi --sopcinfo C:/Users/kigunda/Documents/Ece492/Repository/ARCap/system.sopcinfo
Info: (UartTest.elf) 124 KBytes program size (code + initialized data).
Info:                16253 KBytes free for stack + heap.
Info: Creating UartTest.objdump
nios2-elf-objdump --disassemble --syms --all-header --source UartTest.elf >UartTest.objdump
[UartTest build complete]

**** Build Finished ****

**** Build of configuration Nios II for project UartTest ****

make all 
Info: Building ../UartTest_bsp/
make --no-print-directory -C ../UartTest_bsp/
[BSP build complete]
Info: Compiling main.c to obj/default/main.o
nios2-elf-gcc -xc -MP -MMD -c -I../UartTest_bsp//UCOSII/inc -I../UartTest_bsp//HAL/inc -I../UartTest_bsp/ -I../UartTest_bsp//drivers/inc  -DSYSTEM_BUS_WIDTH=32 -pipe -D__hal__ -DALT_NO_INSTRUCTION_EMULATION -D__ucosii__    -O0 -g -Wall   -EL -mno-hw-div -mhw-mul -mno-hw-mulx  -o obj/default/main.o main.c
Info: Linking UartTest.elf
nios2-elf-g++  -T'../UartTest_bsp//linker.x' -msys-crt0='../UartTest_bsp//obj/HAL/src/crt0.o' -msys-lib=ucosii_bsp -L../UartTest_bsp/   -Wl,-Map=UartTest.map   -O0 -g -Wall   -EL -mno-hw-div -mhw-mul -mno-hw-mulx  -o UartTest.elf obj/default/main.o -lm 
nios2-elf-insert UartTest.elf --thread_model ucosii --cpu_name cpu --qsys true --simulation_enabled false --id 0 --sidp 0x20010a0 --timestamp 1394744647 --stderr_dev jtag_uart_0 --stdin_dev jtag_uart_0 --stdout_dev jtag_uart_0 --sopc_system_name system --quartus_project_dir "C:/Users/kigunda/Documents/Ece492/Repository/ARCap" --jdi C:/Users/kigunda/Documents/Ece492/Repository/ARCap/de0_nano_system.jdi --sopcinfo C:/Users/kigunda/Documents/Ece492/Repository/ARCap/system.sopcinfo
Info: (UartTest.elf) 124 KBytes program size (code + initialized data).
Info:                16253 KBytes free for stack + heap.
Info: Creating UartTest.objdump
nios2-elf-objdump --disassemble --syms --all-header --source UartTest.elf >UartTest.objdump
[UartTest build complete]

**** Build Finished ****

**** Build of configuration Nios II for project UartTest ****

make all 
Info: Building ../UartTest_bsp/
make --no-print-directory -C ../UartTest_bsp/
[BSP build complete]
Info: Compiling main.c to obj/default/main.o
nios2-elf-gcc -xc -MP -MMD -c -I../UartTest_bsp//UCOSII/inc -I../UartTest_bsp//HAL/inc -I../UartTest_bsp/ -I../UartTest_bsp//drivers/inc  -DSYSTEM_BUS_WIDTH=32 -pipe -D__hal__ -DALT_NO_INSTRUCTION_EMULATION -D__ucosii__    -O0 -g -Wall   -EL -mno-hw-div -mhw-mul -mno-hw-mulx  -o obj/default/main.o main.c
Info: Linking UartTest.elf
nios2-elf-g++  -T'../UartTest_bsp//linker.x' -msys-crt0='../UartTest_bsp//obj/HAL/src/crt0.o' -msys-lib=ucosii_bsp -L../UartTest_bsp/   -Wl,-Map=UartTest.map   -O0 -g -Wall   -EL -mno-hw-div -mhw-mul -mno-hw-mulx  -o UartTest.elf obj/default/main.o -lm 
nios2-elf-insert UartTest.elf --thread_model ucosii --cpu_name cpu --qsys true --simulation_enabled false --id 0 --sidp 0x20010a0 --timestamp 1394744647 --stderr_dev jtag_uart_0 --stdin_dev jtag_uart_0 --stdout_dev jtag_uart_0 --sopc_system_name system --quartus_project_dir "C:/Users/kigunda/Documents/Ece492/Repository/ARCap" --jdi C:/Users/kigunda/Documents/Ece492/Repository/ARCap/de0_nano_system.jdi --sopcinfo C:/Users/kigunda/Documents/Ece492/Repository/ARCap/system.sopcinfo
Info: (UartTest.elf) 124 KBytes program size (code + initialized data).
Info:                16253 KBytes free for stack + heap.
Info: Creating UartTest.objdump
nios2-elf-objdump --disassemble --syms --all-header --source UartTest.elf >UartTest.objdump
[UartTest build complete]

**** Build Finished ****

**** Build of configuration Nios II for project UartTest ****

make all 
Info: Building ../UartTest_bsp/
make --no-print-directory -C ../UartTest_bsp/
[BSP build complete]
Info: Compiling main.c to obj/default/main.o
nios2-elf-gcc -xc -MP -MMD -c -I../UartTest_bsp//UCOSII/inc -I../UartTest_bsp//HAL/inc -I../UartTest_bsp/ -I../UartTest_bsp//drivers/inc  -DSYSTEM_BUS_WIDTH=32 -pipe -D__hal__ -DALT_NO_INSTRUCTION_EMULATION -D__ucosii__    -O0 -g -Wall   -EL -mno-hw-div -mhw-mul -mno-hw-mulx  -o obj/default/main.o main.c
Info: Linking UartTest.elf
nios2-elf-g++  -T'../UartTest_bsp//linker.x' -msys-crt0='../UartTest_bsp//obj/HAL/src/crt0.o' -msys-lib=ucosii_bsp -L../UartTest_bsp/   -Wl,-Map=UartTest.map   -O0 -g -Wall   -EL -mno-hw-div -mhw-mul -mno-hw-mulx  -o UartTest.elf obj/default/main.o -lm 
nios2-elf-insert UartTest.elf --thread_model ucosii --cpu_name cpu --qsys true --simulation_enabled false --id 0 --sidp 0x20010a0 --timestamp 1394744647 --stderr_dev jtag_uart_0 --stdin_dev jtag_uart_0 --stdout_dev jtag_uart_0 --sopc_system_name system --quartus_project_dir "C:/Users/kigunda/Documents/Ece492/Repository/ARCap" --jdi C:/Users/kigunda/Documents/Ece492/Repository/ARCap/de0_nano_system.jdi --sopcinfo C:/Users/kigunda/Documents/Ece492/Repository/ARCap/system.sopcinfo
Info: (UartTest.elf) 124 KBytes program size (code + initialized data).
Info:                16253 KBytes free for stack + heap.
Info: Creating UartTest.objdump
nios2-elf-objdump --disassemble --syms --all-header --source UartTest.elf >UartTest.objdump
[UartTest build complete]

**** Build Finished ****

**** Build of configuration Nios II for project ARCap ****

make all 
Info: Building ../ARCap_bsp/
make --no-print-directory -C ../ARCap_bsp/
[BSP build complete]
[ARCap build complete]

**** Build Finished ****

**** Build of configuration Nios II for project ARCap_bsp ****

make all 
[BSP build complete]

**** Build Finished ****

**** Build of configuration Nios II for project UartTest ****

make all 
Info: Building ../UartTest_bsp/
make --no-print-directory -C ../UartTest_bsp/
[BSP build complete]
Info: Compiling main.c to obj/default/main.o
nios2-elf-gcc -xc -MP -MMD -c -I../UartTest_bsp//UCOSII/inc -I../UartTest_bsp//HAL/inc -I../UartTest_bsp/ -I../UartTest_bsp//drivers/inc  -DSYSTEM_BUS_WIDTH=32 -pipe -D__hal__ -DALT_NO_INSTRUCTION_EMULATION -D__ucosii__    -O0 -g -Wall   -EL -mno-hw-div -mhw-mul -mno-hw-mulx  -o obj/default/main.o main.c
main.c: In function 'wifiReadUntil':
main.c:119: warning: implicit declaration of function 'malloc'
main.c:119: warning: incompatible implicit declaration of built-in function 'malloc'
main.c: In function 'wifiConfigRead':
main.c:140: warning: implicit declaration of function 'free'
Info: Linking UartTest.elf
nios2-elf-g++  -T'../UartTest_bsp//linker.x' -msys-crt0='../UartTest_bsp//obj/HAL/src/crt0.o' -msys-lib=ucosii_bsp -L../UartTest_bsp/   -Wl,-Map=UartTest.map   -O0 -g -Wall   -EL -mno-hw-div -mhw-mul -mno-hw-mulx  -o UartTest.elf obj/default/main.o -lm 
nios2-elf-insert UartTest.elf --thread_model ucosii --cpu_name cpu --qsys true --simulation_enabled false --id 0 --sidp 0x20010a0 --timestamp 1394744647 --stderr_dev jtag_uart_0 --stdin_dev jtag_uart_0 --stdout_dev jtag_uart_0 --sopc_system_name system --quartus_project_dir "C:/Users/kigunda/Documents/Ece492/Repository/ARCap" --jdi C:/Users/kigunda/Documents/Ece492/Repository/ARCap/de0_nano_system.jdi --sopcinfo C:/Users/kigunda/Documents/Ece492/Repository/ARCap/system.sopcinfo
Info: (UartTest.elf) 124 KBytes program size (code + initialized data).
Info:                16252 KBytes free for stack + heap.
Info: Creating UartTest.objdump
nios2-elf-objdump --disassemble --syms --all-header --source UartTest.elf >UartTest.objdump
[UartTest build complete]

**** Build Finished ****

**** Build of configuration Nios II for project UartTest_bsp ****

make all 
[BSP build complete]

**** Build Finished ****

**** Build of configuration Nios II for project ARCap ****

make all 
Info: Building ../ARCap_bsp/
make --no-print-directory -C ../ARCap_bsp/
[BSP build complete]
[ARCap build complete]

**** Build Finished ****

**** Build of configuration Nios II for project ARCap_bsp ****

make all 
[BSP build complete]

**** Build Finished ****

**** Build of configuration Nios II for project UartTest ****

make all 
Info: Building ../UartTest_bsp/
make --no-print-directory -C ../UartTest_bsp/
[BSP build complete]
Info: Compiling main.c to obj/default/main.o
nios2-elf-gcc -xc -MP -MMD -c -I../UartTest_bsp//UCOSII/inc -I../UartTest_bsp//HAL/inc -I../UartTest_bsp/ -I../UartTest_bsp//drivers/inc  -DSYSTEM_BUS_WIDTH=32 -pipe -D__hal__ -DALT_NO_INSTRUCTION_EMULATION -D__ucosii__    -O0 -g -Wall   -EL -mno-hw-div -mhw-mul -mno-hw-mulx  -o obj/default/main.o main.c
Info: Linking UartTest.elf
nios2-elf-g++  -T'../UartTest_bsp//linker.x' -msys-crt0='../UartTest_bsp//obj/HAL/src/crt0.o' -msys-lib=ucosii_bsp -L../UartTest_bsp/   -Wl,-Map=UartTest.map   -O0 -g -Wall   -EL -mno-hw-div -mhw-mul -mno-hw-mulx  -o UartTest.elf obj/default/main.o -lm 
nios2-elf-insert UartTest.elf --thread_model ucosii --cpu_name cpu --qsys true --simulation_enabled false --id 0 --sidp 0x20010a0 --timestamp 1394744647 --stderr_dev jtag_uart_0 --stdin_dev jtag_uart_0 --stdout_dev jtag_uart_0 --sopc_system_name system --quartus_project_dir "C:/Users/kigunda/Documents/Ece492/Repository/ARCap" --jdi C:/Users/kigunda/Documents/Ece492/Repository/ARCap/de0_nano_system.jdi --sopcinfo C:/Users/kigunda/Documents/Ece492/Repository/ARCap/system.sopcinfo
Info: (UartTest.elf) 124 KBytes program size (code + initialized data).
Info:                16252 KBytes free for stack + heap.
Info: Creating UartTest.objdump
nios2-elf-objdump --disassemble --syms --all-header --source UartTest.elf >UartTest.objdump
[UartTest build complete]

**** Build Finished ****

**** Build of configuration Nios II for project UartTest_bsp ****

make all 
[BSP build complete]

**** Build Finished ****

**** Build of configuration Nios II for project UartTest ****

make all 
Info: Building ../UartTest_bsp/
make --no-print-directory -C ../UartTest_bsp/
[BSP build complete]
[UartTest build complete]

**** Build Finished ****

**** Build of configuration Nios II for project UartTest ****

make all 
Info: Building ../UartTest_bsp/
make --no-print-directory -C ../UartTest_bsp/
[BSP build complete]
Info: Compiling main.c to obj/default/main.o
nios2-elf-gcc -xc -MP -MMD -c -I../UartTest_bsp//UCOSII/inc -I../UartTest_bsp//HAL/inc -I../UartTest_bsp/ -I../UartTest_bsp//drivers/inc  -DSYSTEM_BUS_WIDTH=32 -pipe -D__hal__ -DALT_NO_INSTRUCTION_EMULATION -D__ucosii__    -O0 -g -Wall   -EL -mno-hw-div -mhw-mul -mno-hw-mulx  -o obj/default/main.o main.c
Info: Linking UartTest.elf
nios2-elf-g++  -T'../UartTest_bsp//linker.x' -msys-crt0='../UartTest_bsp//obj/HAL/src/crt0.o' -msys-lib=ucosii_bsp -L../UartTest_bsp/   -Wl,-Map=UartTest.map   -O0 -g -Wall   -EL -mno-hw-div -mhw-mul -mno-hw-mulx  -o UartTest.elf obj/default/main.o -lm 
nios2-elf-insert UartTest.elf --thread_model ucosii --cpu_name cpu --qsys true --simulation_enabled false --id 0 --sidp 0x20010a0 --timestamp 1394744647 --stderr_dev jtag_uart_0 --stdin_dev jtag_uart_0 --stdout_dev jtag_uart_0 --sopc_system_name system --quartus_project_dir "C:/Users/kigunda/Documents/Ece492/Repository/ARCap" --jdi C:/Users/kigunda/Documents/Ece492/Repository/ARCap/de0_nano_system.jdi --sopcinfo C:/Users/kigunda/Documents/Ece492/Repository/ARCap/system.sopcinfo
Info: (UartTest.elf) 125 KBytes program size (code + initialized data).
Info:                16252 KBytes free for stack + heap.
Info: Creating UartTest.objdump
nios2-elf-objdump --disassemble --syms --all-header --source UartTest.elf >UartTest.objdump
[UartTest build complete]

**** Build Finished ****

**** Build of configuration Nios II for project UartTest ****

make all 
Info: Building ../UartTest_bsp/
make --no-print-directory -C ../UartTest_bsp/
[BSP build complete]
Info: Compiling main.c to obj/default/main.o
nios2-elf-gcc -xc -MP -MMD -c -I../UartTest_bsp//UCOSII/inc -I../UartTest_bsp//HAL/inc -I../UartTest_bsp/ -I../UartTest_bsp//drivers/inc  -DSYSTEM_BUS_WIDTH=32 -pipe -D__hal__ -DALT_NO_INSTRUCTION_EMULATION -D__ucosii__    -O0 -g -Wall   -EL -mno-hw-div -mhw-mul -mno-hw-mulx  -o obj/default/main.o main.c
Info: Linking UartTest.elf
nios2-elf-g++  -T'../UartTest_bsp//linker.x' -msys-crt0='../UartTest_bsp//obj/HAL/src/crt0.o' -msys-lib=ucosii_bsp -L../UartTest_bsp/   -Wl,-Map=UartTest.map   -O0 -g -Wall   -EL -mno-hw-div -mhw-mul -mno-hw-mulx  -o UartTest.elf obj/default/main.o -lm 
nios2-elf-insert UartTest.elf --thread_model ucosii --cpu_name cpu --qsys true --simulation_enabled false --id 0 --sidp 0x20010a0 --timestamp 1394744647 --stderr_dev jtag_uart_0 --stdin_dev jtag_uart_0 --stdout_dev jtag_uart_0 --sopc_system_name system --quartus_project_dir "C:/Users/kigunda/Documents/Ece492/Repository/ARCap" --jdi C:/Users/kigunda/Documents/Ece492/Repository/ARCap/de0_nano_system.jdi --sopcinfo C:/Users/kigunda/Documents/Ece492/Repository/ARCap/system.sopcinfo
Info: (UartTest.elf) 125 KBytes program size (code + initialized data).
Info:                16252 KBytes free for stack + heap.
Info: Creating UartTest.objdump
nios2-elf-objdump --disassemble --syms --all-header --source UartTest.elf >UartTest.objdump
[UartTest build complete]

**** Build Finished ****

**** Build of configuration Nios II for project UartTest ****

make all 
Info: Building ../UartTest_bsp/
make --no-print-directory -C ../UartTest_bsp/
[BSP build complete]
Info: Compiling main.c to obj/default/main.o
nios2-elf-gcc -xc -MP -MMD -c -I../UartTest_bsp//UCOSII/inc -I../UartTest_bsp//HAL/inc -I../UartTest_bsp/ -I../UartTest_bsp//drivers/inc  -DSYSTEM_BUS_WIDTH=32 -pipe -D__hal__ -DALT_NO_INSTRUCTION_EMULATION -D__ucosii__    -O0 -g -Wall   -EL -mno-hw-div -mhw-mul -mno-hw-mulx  -o obj/default/main.o main.c
Info: Linking UartTest.elf
nios2-elf-g++  -T'../UartTest_bsp//linker.x' -msys-crt0='../UartTest_bsp//obj/HAL/src/crt0.o' -msys-lib=ucosii_bsp -L../UartTest_bsp/   -Wl,-Map=UartTest.map   -O0 -g -Wall   -EL -mno-hw-div -mhw-mul -mno-hw-mulx  -o UartTest.elf obj/default/main.o -lm 
nios2-elf-insert UartTest.elf --thread_model ucosii --cpu_name cpu --qsys true --simulation_enabled false --id 0 --sidp 0x20010a0 --timestamp 1394744647 --stderr_dev jtag_uart_0 --stdin_dev jtag_uart_0 --stdout_dev jtag_uart_0 --sopc_system_name system --quartus_project_dir "C:/Users/kigunda/Documents/Ece492/Repository/ARCap" --jdi C:/Users/kigunda/Documents/Ece492/Repository/ARCap/de0_nano_system.jdi --sopcinfo C:/Users/kigunda/Documents/Ece492/Repository/ARCap/system.sopcinfo
Info: (UartTest.elf) 125 KBytes program size (code + initialized data).
Info:                16251 KBytes free for stack + heap.
Info: Creating UartTest.objdump
nios2-elf-objdump --disassemble --syms --all-header --source UartTest.elf >UartTest.objdump
[UartTest build complete]

**** Build Finished ****

**** Build of configuration Nios II for project UartTest ****

make all 
Info: Building ../UartTest_bsp/
make --no-print-directory -C ../UartTest_bsp/
[BSP build complete]
Info: Compiling main.c to obj/default/main.o
nios2-elf-gcc -xc -MP -MMD -c -I../UartTest_bsp//UCOSII/inc -I../UartTest_bsp//HAL/inc -I../UartTest_bsp/ -I../UartTest_bsp//drivers/inc  -DSYSTEM_BUS_WIDTH=32 -pipe -D__hal__ -DALT_NO_INSTRUCTION_EMULATION -D__ucosii__    -O0 -g -Wall   -EL -mno-hw-div -mhw-mul -mno-hw-mulx  -o obj/default/main.o main.c
Info: Linking UartTest.elf
nios2-elf-g++  -T'../UartTest_bsp//linker.x' -msys-crt0='../UartTest_bsp//obj/HAL/src/crt0.o' -msys-lib=ucosii_bsp -L../UartTest_bsp/   -Wl,-Map=UartTest.map   -O0 -g -Wall   -EL -mno-hw-div -mhw-mul -mno-hw-mulx  -o UartTest.elf obj/default/main.o -lm 
nios2-elf-insert UartTest.elf --thread_model ucosii --cpu_name cpu --qsys true --simulation_enabled false --id 0 --sidp 0x20010a0 --timestamp 1394744647 --stderr_dev jtag_uart_0 --stdin_dev jtag_uart_0 --stdout_dev jtag_uart_0 --sopc_system_name system --quartus_project_dir "C:/Users/kigunda/Documents/Ece492/Repository/ARCap" --jdi C:/Users/kigunda/Documents/Ece492/Repository/ARCap/de0_nano_system.jdi --sopcinfo C:/Users/kigunda/Documents/Ece492/Repository/ARCap/system.sopcinfo
Info: (UartTest.elf) 125 KBytes program size (code + initialized data).
Info:                16251 KBytes free for stack + heap.
Info: Creating UartTest.objdump
nios2-elf-objdump --disassemble --syms --all-header --source UartTest.elf >UartTest.objdump
[UartTest build complete]

**** Build Finished ****

**** Build of configuration Nios II for project UartTest ****

make all 
Info: Building ../UartTest_bsp/
make --no-print-directory -C ../UartTest_bsp/
[BSP build complete]
Info: Compiling main.c to obj/default/main.o
nios2-elf-gcc -xc -MP -MMD -c -I../UartTest_bsp//UCOSII/inc -I../UartTest_bsp//HAL/inc -I../UartTest_bsp/ -I../UartTest_bsp//drivers/inc  -DSYSTEM_BUS_WIDTH=32 -pipe -D__hal__ -DALT_NO_INSTRUCTION_EMULATION -D__ucosii__    -O0 -g -Wall   -EL -mno-hw-div -mhw-mul -mno-hw-mulx  -o obj/default/main.o main.c
Info: Linking UartTest.elf
nios2-elf-g++  -T'../UartTest_bsp//linker.x' -msys-crt0='../UartTest_bsp//obj/HAL/src/crt0.o' -msys-lib=ucosii_bsp -L../UartTest_bsp/   -Wl,-Map=UartTest.map   -O0 -g -Wall   -EL -mno-hw-div -mhw-mul -mno-hw-mulx  -o UartTest.elf obj/default/main.o -lm 
nios2-elf-insert UartTest.elf --thread_model ucosii --cpu_name cpu --qsys true --simulation_enabled false --id 0 --sidp 0x20010a0 --timestamp 1394744647 --stderr_dev jtag_uart_0 --stdin_dev jtag_uart_0 --stdout_dev jtag_uart_0 --sopc_system_name system --quartus_project_dir "C:/Users/kigunda/Documents/Ece492/Repository/ARCap" --jdi C:/Users/kigunda/Documents/Ece492/Repository/ARCap/de0_nano_system.jdi --sopcinfo C:/Users/kigunda/Documents/Ece492/Repository/ARCap/system.sopcinfo
Info: (UartTest.elf) 124 KBytes program size (code + initialized data).
Info:                16252 KBytes free for stack + heap.
Info: Creating UartTest.objdump
nios2-elf-objdump --disassemble --syms --all-header --source UartTest.elf >UartTest.objdump
[UartTest build complete]

**** Build Finished ****

**** Build of configuration Nios II for project UartTest ****

make all 
Info: Building ../UartTest_bsp/
make --no-print-directory -C ../UartTest_bsp/
[BSP build complete]
Info: Compiling main.c to obj/default/main.o
nios2-elf-gcc -xc -MP -MMD -c -I../UartTest_bsp//UCOSII/inc -I../UartTest_bsp//HAL/inc -I../UartTest_bsp/ -I../UartTest_bsp//drivers/inc  -DSYSTEM_BUS_WIDTH=32 -pipe -D__hal__ -DALT_NO_INSTRUCTION_EMULATION -D__ucosii__    -O0 -g -Wall   -EL -mno-hw-div -mhw-mul -mno-hw-mulx  -o obj/default/main.o main.c
main.c: In function 'wifiReadUntil':
main.c:132: warning: too few arguments for format
main.c:132: warning: too few arguments for format
Info: Linking UartTest.elf
nios2-elf-g++  -T'../UartTest_bsp//linker.x' -msys-crt0='../UartTest_bsp//obj/HAL/src/crt0.o' -msys-lib=ucosii_bsp -L../UartTest_bsp/   -Wl,-Map=UartTest.map   -O0 -g -Wall   -EL -mno-hw-div -mhw-mul -mno-hw-mulx  -o UartTest.elf obj/default/main.o -lm 
nios2-elf-insert UartTest.elf --thread_model ucosii --cpu_name cpu --qsys true --simulation_enabled false --id 0 --sidp 0x20010a0 --timestamp 1394744647 --stderr_dev jtag_uart_0 --stdin_dev jtag_uart_0 --stdout_dev jtag_uart_0 --sopc_system_name system --quartus_project_dir "C:/Users/kigunda/Documents/Ece492/Repository/ARCap" --jdi C:/Users/kigunda/Documents/Ece492/Repository/ARCap/de0_nano_system.jdi --sopcinfo C:/Users/kigunda/Documents/Ece492/Repository/ARCap/system.sopcinfo
Info: (UartTest.elf) 124 KBytes program size (code + initialized data).
Info:                16252 KBytes free for stack + heap.
Info: Creating UartTest.objdump
nios2-elf-objdump --disassemble --syms --all-header --source UartTest.elf >UartTest.objdump
[UartTest build complete]

**** Build Finished ****

**** Build of configuration Nios II for project ARCap ****

make all 
Info: Building ../ARCap_bsp/
make --no-print-directory -C ../ARCap_bsp/
[BSP build complete]
[ARCap build complete]

**** Build Finished ****

**** Build of configuration Nios II for project ARCap_bsp ****

make all 
[BSP build complete]

**** Build Finished ****

**** Build of configuration Nios II for project UartTest ****

make all 
Info: Building ../UartTest_bsp/
make --no-print-directory -C ../UartTest_bsp/
[BSP build complete]
Info: Compiling main.c to obj/default/main.o
nios2-elf-gcc -xc -MP -MMD -c -I../UartTest_bsp//UCOSII/inc -I../UartTest_bsp//HAL/inc -I../UartTest_bsp/ -I../UartTest_bsp//drivers/inc  -DSYSTEM_BUS_WIDTH=32 -pipe -D__hal__ -DALT_NO_INSTRUCTION_EMULATION -D__ucosii__    -O0 -g -Wall   -EL -mno-hw-div -mhw-mul -mno-hw-mulx  -o obj/default/main.o main.c
Info: Linking UartTest.elf
nios2-elf-g++  -T'../UartTest_bsp//linker.x' -msys-crt0='../UartTest_bsp//obj/HAL/src/crt0.o' -msys-lib=ucosii_bsp -L../UartTest_bsp/   -Wl,-Map=UartTest.map   -O0 -g -Wall   -EL -mno-hw-div -mhw-mul -mno-hw-mulx  -o UartTest.elf obj/default/main.o -lm 
nios2-elf-insert UartTest.elf --thread_model ucosii --cpu_name cpu --qsys true --simulation_enabled false --id 0 --sidp 0x20010a0 --timestamp 1394744647 --stderr_dev jtag_uart_0 --stdin_dev jtag_uart_0 --stdout_dev jtag_uart_0 --sopc_system_name system --quartus_project_dir "C:/Users/kigunda/Documents/Ece492/Repository/ARCap" --jdi C:/Users/kigunda/Documents/Ece492/Repository/ARCap/de0_nano_system.jdi --sopcinfo C:/Users/kigunda/Documents/Ece492/Repository/ARCap/system.sopcinfo
Info: (UartTest.elf) 124 KBytes program size (code + initialized data).
Info:                16252 KBytes free for stack + heap.
Info: Creating UartTest.objdump
nios2-elf-objdump --disassemble --syms --all-header --source UartTest.elf >UartTest.objdump
[UartTest build complete]

**** Build Finished ****

**** Build of configuration Nios II for project UartTest_bsp ****

make all 
[BSP build complete]

**** Build Finished ****

**** Build of configuration Nios II for project UartTest ****

make all 
Info: Building ../UartTest_bsp/
make --no-print-directory -C ../UartTest_bsp/
[BSP build complete]
Info: Compiling main.c to obj/default/main.o
nios2-elf-gcc -xc -MP -MMD -c -I../UartTest_bsp//UCOSII/inc -I../UartTest_bsp//HAL/inc -I../UartTest_bsp/ -I../UartTest_bsp//drivers/inc  -DSYSTEM_BUS_WIDTH=32 -pipe -D__hal__ -DALT_NO_INSTRUCTION_EMULATION -D__ucosii__    -O0 -g -Wall   -EL -mno-hw-div -mhw-mul -mno-hw-mulx  -o obj/default/main.o main.c
Info: Linking UartTest.elf
nios2-elf-g++  -T'../UartTest_bsp//linker.x' -msys-crt0='../UartTest_bsp//obj/HAL/src/crt0.o' -msys-lib=ucosii_bsp -L../UartTest_bsp/   -Wl,-Map=UartTest.map   -O0 -g -Wall   -EL -mno-hw-div -mhw-mul -mno-hw-mulx  -o UartTest.elf obj/default/main.o -lm 
nios2-elf-insert UartTest.elf --thread_model ucosii --cpu_name cpu --qsys true --simulation_enabled false --id 0 --sidp 0x20010a0 --timestamp 1394744647 --stderr_dev jtag_uart_0 --stdin_dev jtag_uart_0 --stdout_dev jtag_uart_0 --sopc_system_name system --quartus_project_dir "C:/Users/kigunda/Documents/Ece492/Repository/ARCap" --jdi C:/Users/kigunda/Documents/Ece492/Repository/ARCap/de0_nano_system.jdi --sopcinfo C:/Users/kigunda/Documents/Ece492/Repository/ARCap/system.sopcinfo
Info: (UartTest.elf) 124 KBytes program size (code + initialized data).
Info:                16252 KBytes free for stack + heap.
Info: Creating UartTest.objdump
nios2-elf-objdump --disassemble --syms --all-header --source UartTest.elf >UartTest.objdump
[UartTest build complete]

**** Build Finished ****

**** Build of configuration Nios II for project UartTest ****

make all 
Info: Building ../UartTest_bsp/
make --no-print-directory -C ../UartTest_bsp/
[BSP build complete]
Info: Compiling main.c to obj/default/main.o
nios2-elf-gcc -xc -MP -MMD -c -I../UartTest_bsp//UCOSII/inc -I../UartTest_bsp//HAL/inc -I../UartTest_bsp/ -I../UartTest_bsp//drivers/inc  -DSYSTEM_BUS_WIDTH=32 -pipe -D__hal__ -DALT_NO_INSTRUCTION_EMULATION -D__ucosii__    -O0 -g -Wall   -EL -mno-hw-div -mhw-mul -mno-hw-mulx  -o obj/default/main.o main.c
Info: Linking UartTest.elf
nios2-elf-g++  -T'../UartTest_bsp//linker.x' -msys-crt0='../UartTest_bsp//obj/HAL/src/crt0.o' -msys-lib=ucosii_bsp -L../UartTest_bsp/   -Wl,-Map=UartTest.map   -O0 -g -Wall   -EL -mno-hw-div -mhw-mul -mno-hw-mulx  -o UartTest.elf obj/default/main.o -lm 
nios2-elf-insert UartTest.elf --thread_model ucosii --cpu_name cpu --qsys true --simulation_enabled false --id 0 --sidp 0x20010a0 --timestamp 1394744647 --stderr_dev jtag_uart_0 --stdin_dev jtag_uart_0 --stdout_dev jtag_uart_0 --sopc_system_name system --quartus_project_dir "C:/Users/kigunda/Documents/Ece492/Repository/ARCap" --jdi C:/Users/kigunda/Documents/Ece492/Repository/ARCap/de0_nano_system.jdi --sopcinfo C:/Users/kigunda/Documents/Ece492/Repository/ARCap/system.sopcinfo
Info: (UartTest.elf) 124 KBytes program size (code + initialized data).
Info:                16252 KBytes free for stack + heap.
Info: Creating UartTest.objdump
nios2-elf-objdump --disassemble --syms --all-header --source UartTest.elf >UartTest.objdump
[UartTest build complete]

**** Build Finished ****

**** Build of configuration Nios II for project UartTest ****

make all 
Info: Building ../UartTest_bsp/
make --no-print-directory -C ../UartTest_bsp/
[BSP build complete]
Info: Compiling main.c to obj/default/main.o
nios2-elf-gcc -xc -MP -MMD -c -I../UartTest_bsp//UCOSII/inc -I../UartTest_bsp//HAL/inc -I../UartTest_bsp/ -I../UartTest_bsp//drivers/inc  -DSYSTEM_BUS_WIDTH=32 -pipe -D__hal__ -DALT_NO_INSTRUCTION_EMULATION -D__ucosii__    -O0 -g -Wall   -EL -mno-hw-div -mhw-mul -mno-hw-mulx  -o obj/default/main.o main.c
main.c:42:2: error: #else without #if
main.c:43:1: warning: "LOG" redefined
main.c:41:1: warning: this is the location of the previous definition
main.c:44:2: error: #endif without #if
make: *** [obj/default/main.o] Error 1

**** Build Finished ****

**** Build of configuration Nios II for project UartTest ****

make all 
Info: Building ../UartTest_bsp/
make --no-print-directory -C ../UartTest_bsp/
[BSP build complete]
Info: Compiling main.c to obj/default/main.o
nios2-elf-gcc -xc -MP -MMD -c -I../UartTest_bsp//UCOSII/inc -I../UartTest_bsp//HAL/inc -I../UartTest_bsp/ -I../UartTest_bsp//drivers/inc  -DSYSTEM_BUS_WIDTH=32 -pipe -D__hal__ -DALT_NO_INSTRUCTION_EMULATION -D__ucosii__    -O0 -g -Wall   -EL -mno-hw-div -mhw-mul -mno-hw-mulx  -o obj/default/main.o main.c
Info: Linking UartTest.elf
nios2-elf-g++  -T'../UartTest_bsp//linker.x' -msys-crt0='../UartTest_bsp//obj/HAL/src/crt0.o' -msys-lib=ucosii_bsp -L../UartTest_bsp/   -Wl,-Map=UartTest.map   -O0 -g -Wall   -EL -mno-hw-div -mhw-mul -mno-hw-mulx  -o UartTest.elf obj/default/main.o -lm 
nios2-elf-insert UartTest.elf --thread_model ucosii --cpu_name cpu --qsys true --simulation_enabled false --id 0 --sidp 0x20010a0 --timestamp 1394744647 --stderr_dev jtag_uart_0 --stdin_dev jtag_uart_0 --stdout_dev jtag_uart_0 --sopc_system_name system --quartus_project_dir "C:/Users/kigunda/Documents/Ece492/Repository/ARCap" --jdi C:/Users/kigunda/Documents/Ece492/Repository/ARCap/de0_nano_system.jdi --sopcinfo C:/Users/kigunda/Documents/Ece492/Repository/ARCap/system.sopcinfo
Info: (UartTest.elf) 124 KBytes program size (code + initialized data).
Info:                16252 KBytes free for stack + heap.
Info: Creating UartTest.objdump
nios2-elf-objdump --disassemble --syms --all-header --source UartTest.elf >UartTest.objdump
[UartTest build complete]

**** Build Finished ****

**** Build of configuration Nios II for project UartTest ****

make all 
Info: Building ../UartTest_bsp/
make --no-print-directory -C ../UartTest_bsp/
[BSP build complete]
[UartTest build complete]

**** Build Finished ****

**** Build of configuration Nios II for project UartTest ****

make all 
Info: Building ../UartTest_bsp/
make --no-print-directory -C ../UartTest_bsp/
[BSP build complete]
Info: Compiling main.c to obj/default/main.o
nios2-elf-gcc -xc -MP -MMD -c -I../UartTest_bsp//UCOSII/inc -I../UartTest_bsp//HAL/inc -I../UartTest_bsp/ -I../UartTest_bsp//drivers/inc  -DSYSTEM_BUS_WIDTH=32 -pipe -D__hal__ -DALT_NO_INSTRUCTION_EMULATION -D__ucosii__    -O0 -g -Wall   -EL -mno-hw-div -mhw-mul -mno-hw-mulx  -o obj/default/main.o main.c
Info: Linking UartTest.elf
nios2-elf-g++  -T'../UartTest_bsp//linker.x' -msys-crt0='../UartTest_bsp//obj/HAL/src/crt0.o' -msys-lib=ucosii_bsp -L../UartTest_bsp/   -Wl,-Map=UartTest.map   -O0 -g -Wall   -EL -mno-hw-div -mhw-mul -mno-hw-mulx  -o UartTest.elf obj/default/main.o -lm 
nios2-elf-insert UartTest.elf --thread_model ucosii --cpu_name cpu --qsys true --simulation_enabled false --id 0 --sidp 0x20010a0 --timestamp 1394744647 --stderr_dev jtag_uart_0 --stdin_dev jtag_uart_0 --stdout_dev jtag_uart_0 --sopc_system_name system --quartus_project_dir "C:/Users/kigunda/Documents/Ece492/Repository/ARCap" --jdi C:/Users/kigunda/Documents/Ece492/Repository/ARCap/de0_nano_system.jdi --sopcinfo C:/Users/kigunda/Documents/Ece492/Repository/ARCap/system.sopcinfo
Info: (UartTest.elf) 124 KBytes program size (code + initialized data).
Info:                16252 KBytes free for stack + heap.
Info: Creating UartTest.objdump
nios2-elf-objdump --disassemble --syms --all-header --source UartTest.elf >UartTest.objdump
[UartTest build complete]

**** Build Finished ****
